<?xml version="1.0" encoding="utf-8"?><testsuites name="pytest tests"><testsuite name="pytest" errors="0" failures="0" skipped="2" tests="960" time="47.075" timestamp="2026-09-18T20:12:12.948584-04:00" hostname="Stephans-MacBook-Pro.local"><testcase classname="tests.e2e.test_tier1_cli" name="test_cli_decide_json_and_schema_options" time="0.018" /><testcase classname="tests.e2e.test_tier1_cli" name="test_cli_decide_signed_receipt_generation" time="0.014" /><testcase classname="tests.e2e.test_tier1_cli" name="test_cli_bench_execution" time="0.048" /><testcase classname="tests.e2e.test_tier1_cli" name="test_cli_calibrate_execution" time="0.035" /><testcase classname="tests.e2e.test_tier1_cli" name="test_cli_verify_receipt_valid_and_tampered" time="0.013" /><testcase classname="tests.e2e.test_tier1_cli" name="test_cli_compile_execution" time="0.116" /><testcase classname="tests.e2e.test_tier1_cli" name="test_cli_entrypoint_parity" time="0.001" /><testcase classname="tests.e2e.test_tier1_conformal" name="test_conformal_singleton_for_confident_in_distribution" time="0.033" /><testcase classname="tests.e2e.test_tier1_conformal" name="test_conformal_ambiguity_set_expansion_for_borderline_input" time="0.033" /><testcase classname="tests.e2e.test_tier1_conformal" name="test_conformal_coverage_monotonicity_across_alpha" time="0.034" /><testcase classname="tests.e2e.test_tier1_conformal" name="test_guard_hook_fail_closed_on_ambiguity_and_risk" time="0.045" /><testcase classname="tests.e2e.test_tier1_conformal" name="test_brier_decomposition_identity_and_calibration" time="0.001" /><testcase classname="tests.e2e.test_tier1_conformal" name="test_regression_conformal_predictor" time="0.000" /><testcase classname="tests.e2e.test_tier1_dual_imports" name="test_top_level_package_exports_parity" time="0.000" /><testcase classname="tests.e2e.test_tier1_dual_imports" name="test_submodule_existence_and_importability" time="0.000" /><testcase classname="tests.e2e.test_tier1_dual_imports" name="test_functional_runtime_decision_parity" time="0.021" /><testcase classname="tests.e2e.test_tier1_dual_imports" name="test_typesafe_sdk_twin_parity" time="0.000" /><testcase classname="tests.e2e.test_tier1_dual_imports" name="test_guard_hook_and_ledger_twin_parity" time="0.023" /><testcase classname="tests.e2e.test_tier1_dual_imports" name="test_compiler_and_cache_twin_parity" time="0.000" /><testcase classname="tests.e2e.test_tier1_latency" name="test_sub_2ms_warm_single_pass_latency" time="0.039" /><testcase classname="tests.e2e.test_tier1_latency" name="test_sub_100us_tier0_cache_hit_latency" time="0.028" /><testcase classname="tests.e2e.test_tier1_latency" name="test_sub_200us_sherman_morrison_rank1_update" time="0.030" /><testcase classname="tests.e2e.test_tier1_latency" name="test_sub_2ms_amortized_batch_throughput" time="0.036" /><testcase classname="tests.e2e.test_tier1_latency" name="test_sub_3ms_guard_proposal_evaluation" time="0.012" /><testcase classname="tests.e2e.test_tier1_latency" name="test_benchmark_report_speedup" time="0.040" /><testcase classname="tests.e2e.test_tier1_ledger" name="test_genesis_state_and_sequential_hash_chain" time="0.022" /><testcase classname="tests.e2e.test_tier1_ledger" name="test_tamper_detection_mutated_payload" time="0.030" /><testcase classname="tests.e2e.test_tier1_ledger" name="test_tamper_detection_broken_chain_link" time="0.031" /><testcase classname="tests.e2e.test_tier1_ledger" name="test_tamper_detection_deleted_entry" time="0.043" /><testcase classname="tests.e2e.test_tier1_ledger" name="test_read_only_mode_and_querying" time="0.042" /><testcase classname="tests.e2e.test_tier1_ledger" name="test_concurrent_multithread_ledger_appending" time="0.288" /><testcase classname="tests.e2e.test_tier1_receipts" name="test_ed25519_signature_creation_and_offline_verification" time="0.006" /><testcase classname="tests.e2e.test_tier1_receipts" name="test_tamper_evident_payload_detection" time="0.006" /><testcase classname="tests.e2e.test_tier1_receipts" name="test_canonical_json_and_digest_determinism" time="0.000" /><testcase classname="tests.e2e.test_tier1_receipts" name="test_run_witness_envelope_binding" time="0.000" /><testcase classname="tests.e2e.test_tier1_receipts" name="test_keypair_persistence_and_loading" time="0.001" /><testcase classname="tests.e2e.test_tier1_receipts" name="test_truth_ledger_head_binding" time="0.010" /><testcase classname="tests.e2e.test_tier1_zero_network" name="test_socket_block_actually_traps_network" time="0.001" /><testcase classname="tests.e2e.test_tier1_zero_network" name="test_zero_network_engine_decision" time="0.005" /><testcase classname="tests.e2e.test_tier1_zero_network" name="test_zero_network_guard_hook_evaluation" time="0.013" /><testcase classname="tests.e2e.test_tier1_zero_network" name="test_zero_network_action_ledger_operations" time="0.012" /><testcase classname="tests.e2e.test_tier1_zero_network" name="test_zero_network_typesafe_client_offline" time="0.002" /><testcase classname="tests.e2e.test_tier1_zero_network" name="test_zero_network_calibration_and_compilation" time="0.060" /><testcase classname="tests.e2e.test_tier2_boundaries" name="test_boundary_empty_prompt_and_whitespace" time="0.004" /><testcase classname="tests.e2e.test_tier2_boundaries" name="test_boundary_extreme_batch_sizes" time="0.124" /><testcase classname="tests.e2e.test_tier2_boundaries" name="test_boundary_invalid_and_corrupt_hashes" time="0.000" /><testcase classname="tests.e2e.test_tier2_boundaries" name="test_boundary_threshold_limits_alpha_and_confidence" time="0.004" /><testcase classname="tests.e2e.test_tier2_boundaries" name="test_boundary_extreme_prompt_lengths" time="0.051" /><testcase classname="tests.e2e.test_tier2_boundaries" name="test_boundary_special_characters_and_injections" time="0.027" /><testcase classname="tests.e2e.test_tier3_combinations" name="test_combo_conformal_gate_ed25519_receipt_and_ledger" time="0.009" /><testcase classname="tests.e2e.test_tier3_combinations" name="test_combo_concurrent_multithread_ledger_chaining" time="0.104" /><testcase classname="tests.e2e.test_tier3_combinations" name="test_combo_typesafe_sdk_with_local_offline_execution" time="0.005" /><testcase classname="tests.e2e.test_tier3_combinations" name="test_combo_compiler_sherman_morrison_and_l1_cache" time="0.057" /><testcase classname="tests.e2e.test_tier3_combinations" name="test_combo_guard_hook_interception_denial_and_ledger_audit" time="0.030" /><testcase classname="tests.e2e.test_tier4_real_world" name="test_scenario_autonomous_ai_tool_guard_pipeline" time="0.046" /><testcase classname="tests.e2e.test_tier4_real_world" name="test_scenario_dynamic_gateway_model_router" time="0.030" /><testcase classname="tests.e2e.test_tier4_real_world" name="test_scenario_auto_cutover_migration_simulation" time="0.005" /><testcase classname="tests.e2e.test_tier4_real_world" name="test_scenario_dual_process_cognitive_cycle" time="0.020" /><testcase classname="tests.test_adversarial_crypto_compat_cli" name="test_adversarial_receipt_tamper_matrix" time="0.004" /><testcase classname="tests.test_adversarial_crypto_compat_cli" name="test_adversarial_key_loaders_and_canonicalization" time="0.000" /><testcase classname="tests.test_adversarial_crypto_compat_cli" name="test_adversarial_action_ledger_sql_injection_resilience" time="0.002" /><testcase classname="tests.test_adversarial_crypto_compat_cli" name="test_adversarial_action_ledger_direct_tamper_detection" time="0.009" /><testcase classname="tests.test_adversarial_crypto_compat_cli" name="test_adversarial_action_ledger_concurrency_and_read_only" time="0.072" /><testcase classname="tests.test_adversarial_crypto_compat_cli" name="test_adversarial_typesafe_patch_decorators_and_exception_safety" time="0.001" /><testcase classname="tests.test_adversarial_crypto_compat_cli" name="test_adversarial_typesafe_usage_and_dotdict_robustness" time="0.000" /><testcase classname="tests.test_adversarial_crypto_compat_cli" name="test_adversarial_typesafe_async_routing_concurrency" time="0.017" /><testcase classname="tests.test_adversarial_crypto_compat_cli" name="test_adversarial_cli_verify_receipt_dual_syntax_and_tamper" time="0.007" /><testcase classname="tests.test_adversarial_crypto_compat_cli" name="test_adversarial_cli_invalid_commands_and_subprocesses" time="0.442" /><testcase classname="tests.test_adversarial_crypto_compat_cli" name="test_adversarial_cross_namespace_receipt_and_ledger_interop" time="0.007" /><testcase classname="tests.test_adversarial_crypto_compat_cli" name="test_adversarial_twin_namespace_dynamic_submodules_parity" time="0.001" /><testcase classname="tests.test_adversarial_crypto_compat_cli" name="test_adversarial_verify_receipt_invalid_explicit_public_key_raises" time="0.001" /><testcase classname="tests.test_adversarial_crypto_compat_cli" name="test_adversarial_reflex_cli_module_execution_parity" time="0.560" /><testcase classname="tests.test_adversarial_crypto_compat_cli" name="test_adversarial_reflex_compat_typesafe_identity" time="0.208" /><testcase classname="tests.test_adversarial_crypto_compat_cli" name="test_adversarial_typesafe_nested_patching" time="0.002" /><testcase classname="tests.test_adversarial_gate_a" name="test_attack1_permissive_allow_before_restrictive_deny_permutation" time="0.001" /><testcase classname="tests.test_adversarial_gate_a" name="test_attack1_approval_and_deny_composition_hierarchy" time="0.000" /><testcase classname="tests.test_adversarial_gate_a" name="test_attack1_allow_rule_failed_constraint_fails_closed_to_deny" time="0.000" /><testcase classname="tests.test_adversarial_gate_a" name="test_attack2_argument_limit_missing_constrained_key" time="0.000" /><testcase classname="tests.test_adversarial_gate_a" name="test_attack2_argument_limit_type_mismatches[9999-expected numeric, got str]" time="0.000" /><testcase classname="tests.test_adversarial_gate_a" name="test_attack2_argument_limit_type_mismatches[10-expected numeric, got str]" time="0.000" /><testcase classname="tests.test_adversarial_gate_a" name="test_attack2_argument_limit_type_mismatches[0-expected numeric, got str]" time="0.000" /><testcase classname="tests.test_adversarial_gate_a" name="test_attack2_argument_limit_type_mismatches[True-expected numeric, got bool]" time="0.000" /><testcase classname="tests.test_adversarial_gate_a" name="test_attack2_argument_limit_type_mismatches[False-expected numeric, got bool]" time="0.000" /><testcase classname="tests.test_adversarial_gate_a" name="test_attack2_argument_limit_type_mismatches[None-expected numeric, got NoneType]" time="0.000" /><testcase classname="tests.test_adversarial_gate_a" name="test_attack2_argument_limit_type_mismatches[evasion_value6-expected numeric, got tuple]" time="0.000" /><testcase classname="tests.test_adversarial_gate_a" name="test_attack2_argument_limit_type_mismatches[evasion_value7-expected numeric, got mappingproxy]" time="0.000" /><testcase classname="tests.test_adversarial_gate_a" name="test_attack2_argument_limit_unsupported_canonical_types_rejected_at_construction" time="0.000" /><testcase classname="tests.test_adversarial_gate_a" name="test_attack2_argument_limit_float_overflow_and_extremes" time="0.000" /><testcase classname="tests.test_adversarial_gate_a" name="test_attack2_argument_limit_nested_injection" time="0.000" /><testcase classname="tests.test_adversarial_gate_a" name="test_attack2_target_hashing_boundary_investigation" time="0.032" /><testcase classname="tests.test_adversarial_gate_a" name="test_attack3_unconstrained_allow_generates_signed_receipt_and_ledger_record" time="0.027" /><testcase classname="tests.test_adversarial_gate_a" name="test_attack3_unconstrained_allow_fails_closed_when_ledger_write_fails" time="0.021" /><testcase classname="tests.test_adversarial_gate_a" name="test_attack3_mcp_proxy_executes_and_chains_outcome_under_allow" time="0.024" /><testcase classname="tests.test_adversarial_gate_a" name="test_attack4_mcp_proxy_request_dict_mutation_resilience" time="0.021" /><testcase classname="tests.test_adversarial_gate_a" name="test_attack4_action_proposal_arguments_immutability" time="0.000" /><testcase classname="tests.test_adversarial_gate_a" name="test_attack4_wrap_mcp_tool_immutable_dispatch" time="0.019" /><testcase classname="tests.test_adversarial_gate_a" name="test_attack4_langchain_interceptor_sync_and_async_immutable_dispatch" time="0.022" /><testcase classname="tests.test_adversarial_gate_a" name="test_attack5_sentinel_zero_executions_on_policy_denial" time="0.018" /><testcase classname="tests.test_adversarial_gate_a" name="test_attack5_sentinel_zero_executions_on_policy_require_approval" time="0.019" /><testcase classname="tests.test_adversarial_gate_a" name="test_attack5_sentinel_zero_executions_on_constraint_violations" time="0.020" /><testcase classname="tests.test_adversarial_gate_a" name="test_attack5_sentinel_zero_executions_on_model_safety_denial" time="0.021" /><testcase classname="tests.test_adversarial_gate_a" name="test_attack5_sentinel_zero_executions_on_conformal_ambiguity_and_ood" time="0.029" /><testcase classname="tests.test_adversarial_gate_a" name="test_attack5_sentinel_zero_executions_on_mcp_non_tool_methods" time="0.019" /><testcase classname="tests.test_adversarial_gate_a" name="test_attack5_sentinel_zero_executions_on_malformed_mcp_requests[not_a_valid_json_string{]" time="0.020" /><testcase classname="tests.test_adversarial_gate_a" name="test_attack5_sentinel_zero_executions_on_malformed_mcp_requests[[&quot;not_a_dict_array&quot;]]" time="0.019" /><testcase classname="tests.test_adversarial_gate_a" name="test_attack5_sentinel_zero_executions_on_malformed_mcp_requests[12345]" time="0.019" /><testcase classname="tests.test_adversarial_gate_a" name="test_attack5_sentinel_zero_executions_on_malformed_mcp_requests[{&quot;jsonrpc&quot;: &quot;2.0&quot;, &quot;id&quot;: 1, &quot;method&quot;: &quot;tools/call&quot;}]" time="0.020" /><testcase classname="tests.test_adversarial_gate_a" name="test_attack5_sentinel_zero_executions_on_malformed_mcp_requests[{&quot;jsonrpc&quot;: &quot;2.0&quot;, &quot;id&quot;: 1, &quot;method&quot;: &quot;tools/call&quot;, &quot;params&quot;: &quot;not_a_dict&quot;}]" time="0.021" /><testcase classname="tests.test_adversarial_gate_a" name="test_attack5_sentinel_zero_executions_on_malformed_mcp_requests[{&quot;jsonrpc&quot;: &quot;2.0&quot;, &quot;id&quot;: 1, &quot;method&quot;: &quot;tools/call&quot;, &quot;params&quot;: {&quot;name&quot;: &quot;&quot;}}]" time="0.019" /><testcase classname="tests.test_adversarial_gate_a" name="test_attack5_sentinel_zero_executions_on_malformed_mcp_requests[{&quot;jsonrpc&quot;: &quot;2.0&quot;, &quot;id&quot;: 1, &quot;method&quot;: &quot;tools/call&quot;, &quot;params&quot;: {&quot;name&quot;: &quot;tool&quot;, &quot;arguments&quot;: &quot;not_a_dict&quot;}}]" time="0.019" /><testcase classname="tests.test_adversarial_gate_a" name="test_attack5_sentinel_zero_executions_on_wrap_mcp_tool_denial" time="0.019" /><testcase classname="tests.test_adversarial_gate_a" name="test_attack5_sentinel_zero_executions_on_langchain_interceptor_denial" time="0.021" /><testcase classname="tests.test_adversarial_gate_a" name="test_attack5_sentinel_zero_executions_on_langchain_callback_handler_denial" time="0.019" /><testcase classname="tests.test_adversarial_gate_b.TestUnauthenticatedAndDowngradeAttacks" name="test_strip_signature_in_enforcement_profile" time="0.001" /><testcase classname="tests.test_adversarial_gate_b.TestUnauthenticatedAndDowngradeAttacks" name="test_strip_signature_in_product_signed_profile" time="0.000" /><testcase classname="tests.test_adversarial_gate_b.TestUnauthenticatedAndDowngradeAttacks" name="test_profile_downgrade_to_diagnostic_local" time="0.000" /><testcase classname="tests.test_adversarial_gate_b.TestUnauthenticatedAndDowngradeAttacks" name="test_tampered_public_key_rejected" time="0.001" /><testcase classname="tests.test_adversarial_gate_b.TestUnauthenticatedAndDowngradeAttacks" name="test_untrusted_key_re_signing_rejected_by_trusted_verifier" time="0.001" /><testcase classname="tests.test_adversarial_gate_b.TestUnauthenticatedAndDowngradeAttacks" name="test_public_key_substitution_in_receipt_detected" time="0.001" /><testcase classname="tests.test_adversarial_gate_b.TestUnauthenticatedAndDowngradeAttacks" name="test_enforcement_profile_rejects_missing_signing_key" time="0.002" /><testcase classname="tests.test_adversarial_gate_b.TestCrossFieldDigestTampering" name="test_tamper_canonical_probabilities" time="0.002" /><testcase classname="tests.test_adversarial_gate_b.TestCrossFieldDigestTampering" name="test_tamper_policy_decision_claims" time="0.002" /><testcase classname="tests.test_adversarial_gate_b.TestCrossFieldDigestTampering" name="test_tamper_risk_level_at_top_level" time="0.001" /><testcase classname="tests.test_adversarial_gate_b.TestCrossFieldDigestTampering" name="test_tamper_normalized_arguments" time="0.001" /><testcase classname="tests.test_adversarial_gate_b.TestCrossFieldDigestTampering" name="test_tamper_target_and_scope" time="0.001" /><testcase classname="tests.test_adversarial_gate_b.TestCrossFieldDigestTampering" name="test_tamper_principal_and_tenant" time="0.001" /><testcase classname="tests.test_adversarial_gate_b.TestCrossFieldDigestTampering" name="test_tamper_effective_alpha_and_identities" time="0.002" /><testcase classname="tests.test_adversarial_gate_b.TestCrossFieldDigestTampering" name="test_tamper_values_and_confidences" time="0.001" /><testcase classname="tests.test_adversarial_gate_b.TestLedgerDurabilityEvasion" name="test_in_memory_ledger_rejected_in_enforcement_profile" time="0.001" /><testcase classname="tests.test_adversarial_gate_b.TestLedgerDurabilityEvasion" name="test_action_ledger_durability_flags_prevent_memory_creation" time="0.000" /><testcase classname="tests.test_adversarial_gate_b.TestLedgerDurabilityEvasion" name="test_uri_memory_variants_rejected_or_not_durable" time="0.000" /><testcase classname="tests.test_adversarial_gate_b.TestLedgerDurabilityEvasion" name="test_reflex_guard_hook_with_memory_ledger_and_enforcement_profile_raises" time="0.041" /><testcase classname="tests.test_adversarial_gate_b.TestLedgerDurabilityEvasion" name="test_read_only_memory_ledger_rejected" time="0.000" /><testcase classname="tests.test_adversarial_gate_b.TestHashChainAndSignatureForgery" name="test_forged_signature_in_valid_hash_chain_rejected" time="0.005" /><testcase classname="tests.test_adversarial_gate_b.TestHashChainAndSignatureForgery" name="test_tampered_payload_in_middle_of_chain_detected" time="0.006" /><testcase classname="tests.test_adversarial_gate_b.TestHashChainAndSignatureForgery" name="test_unsigned_receipt_in_ledger_rejected_when_trusted_key_checked" time="0.003" /><testcase classname="tests.test_adversarial_gate_b.TestHashChainAndSignatureForgery" name="test_broken_hash_chain_previous_hash_mismatch" time="0.004" /><testcase classname="tests.test_adversarial_gate_b.TestHashChainAndSignatureForgery" name="test_audit_head_meta_mismatch_raises_integrity_error" time="0.003" /><testcase classname="tests.test_adversarial_gate_b.TestTwoPhaseOutcomeInterception" name="test_wrap_mcp_tool_indeterminate_on_ledger_write_failure" time="0.022" /><testcase classname="tests.test_adversarial_gate_b.TestTwoPhaseOutcomeInterception" name="test_mcp_proxy_handle_call_indeterminate_on_ledger_write_failure" time="0.023" /><testcase classname="tests.test_adversarial_gate_b.TestTwoPhaseOutcomeInterception" name="test_tool_interceptor_sync_indeterminate_on_ledger_write_failure" time="0.022" /><testcase classname="tests.test_adversarial_gate_b.TestTwoPhaseOutcomeInterception" name="test_tool_interceptor_async_ainvoke_indeterminate_on_ledger_write_failure" time="0.023" /><testcase classname="tests.test_adversarial_gate_b.TestTwoPhaseOutcomeInterception" name="test_callback_handler_on_tool_end_indeterminate_on_ledger_failure" time="0.023" /><testcase classname="tests.test_adversarial_gate_b.TestTwoPhaseOutcomeInterception" name="test_callback_handler_on_tool_error_preserves_both_errors" time="0.024" /><testcase classname="tests.test_adversarial_gate_b.TestNamespaceParityGateB" name="test_gate_b_symbol_and_object_identity" time="0.000" /><testcase classname="tests.test_adversarial_gate_c.TestAttack1InvalidParameterInjection" name="test_inject_invalid_prompt_types[123]" time="0.000" /><testcase classname="tests.test_adversarial_gate_c.TestAttack1InvalidParameterInjection" name="test_inject_invalid_prompt_types[None]" time="0.000" /><testcase classname="tests.test_adversarial_gate_c.TestAttack1InvalidParameterInjection" name="test_inject_invalid_prompt_types[bad_prompt2]" time="0.000" /><testcase classname="tests.test_adversarial_gate_c.TestAttack1InvalidParameterInjection" name="test_inject_invalid_prompt_types[bad_prompt3]" time="0.000" /><testcase classname="tests.test_adversarial_gate_c.TestAttack1InvalidParameterInjection" name="test_inject_invalid_prompt_types[bytes_prompt]" time="0.000" /><testcase classname="tests.test_adversarial_gate_c.TestAttack1InvalidParameterInjection" name="test_inject_invalid_prompt_types[45.67]" time="0.000" /><testcase classname="tests.test_adversarial_gate_c.TestAttack1InvalidParameterInjection" name="test_inject_out_of_range_alpha_values[0.0]" time="0.000" /><testcase classname="tests.test_adversarial_gate_c.TestAttack1InvalidParameterInjection" name="test_inject_out_of_range_alpha_values[1.0]" time="0.000" /><testcase classname="tests.test_adversarial_gate_c.TestAttack1InvalidParameterInjection" name="test_inject_out_of_range_alpha_values[-0.01]" time="0.000" /><testcase classname="tests.test_adversarial_gate_c.TestAttack1InvalidParameterInjection" name="test_inject_out_of_range_alpha_values[-1.5]" time="0.000" /><testcase classname="tests.test_adversarial_gate_c.TestAttack1InvalidParameterInjection" name="test_inject_out_of_range_alpha_values[1.0001]" time="0.000" /><testcase classname="tests.test_adversarial_gate_c.TestAttack1InvalidParameterInjection" name="test_inject_out_of_range_alpha_values[100.0]" time="0.000" /><testcase classname="tests.test_adversarial_gate_c.TestAttack1InvalidParameterInjection" name="test_inject_out_of_range_alpha_values[nan]" time="0.000" /><testcase classname="tests.test_adversarial_gate_c.TestAttack1InvalidParameterInjection" name="test_inject_out_of_range_alpha_values[inf]" time="0.000" /><testcase classname="tests.test_adversarial_gate_c.TestAttack1InvalidParameterInjection" name="test_inject_out_of_range_alpha_values[-inf]" time="0.000" /><testcase classname="tests.test_adversarial_gate_c.TestAttack1InvalidParameterInjection" name="test_inject_invalid_alpha_types[invalid]" time="0.000" /><testcase classname="tests.test_adversarial_gate_c.TestAttack1InvalidParameterInjection" name="test_inject_invalid_alpha_types[bad_alpha_type1]" time="0.000" /><testcase classname="tests.test_adversarial_gate_c.TestAttack1InvalidParameterInjection" name="test_inject_invalid_alpha_types[bad_alpha_type2]" time="0.000" /><testcase classname="tests.test_adversarial_gate_c.TestAttack1InvalidParameterInjection" name="test_inject_negative_margin_threshold[-0.0001]" time="0.000" /><testcase classname="tests.test_adversarial_gate_c.TestAttack1InvalidParameterInjection" name="test_inject_negative_margin_threshold[-1.0]" time="0.000" /><testcase classname="tests.test_adversarial_gate_c.TestAttack1InvalidParameterInjection" name="test_inject_negative_margin_threshold[-99.9]" time="0.000" /><testcase classname="tests.test_adversarial_gate_c.TestAttack1InvalidParameterInjection" name="test_inject_negative_margin_threshold[nan]" time="0.000" /><testcase classname="tests.test_adversarial_gate_c.TestAttack1InvalidParameterInjection" name="test_inject_negative_margin_threshold[-inf]" time="0.000" /><testcase classname="tests.test_adversarial_gate_c.TestAttack1InvalidParameterInjection" name="test_inject_invalid_odds_ratios[0.0]" time="0.000" /><testcase classname="tests.test_adversarial_gate_c.TestAttack1InvalidParameterInjection" name="test_inject_invalid_odds_ratios[-0.001]" time="0.000" /><testcase classname="tests.test_adversarial_gate_c.TestAttack1InvalidParameterInjection" name="test_inject_invalid_odds_ratios[-1.0]" time="0.000" /><testcase classname="tests.test_adversarial_gate_c.TestAttack1InvalidParameterInjection" name="test_inject_invalid_odds_ratios[-50.0]" time="0.000" /><testcase classname="tests.test_adversarial_gate_c.TestAttack1InvalidParameterInjection" name="test_inject_invalid_odds_ratios[nan]" time="0.000" /><testcase classname="tests.test_adversarial_gate_c.TestAttack1InvalidParameterInjection" name="test_inject_invalid_odds_ratios[-inf]" time="0.000" /><testcase classname="tests.test_adversarial_gate_c.TestAttack1InvalidParameterInjection" name="test_inject_invalid_confidence_floor[-0.001]" time="0.000" /><testcase classname="tests.test_adversarial_gate_c.TestAttack1InvalidParameterInjection" name="test_inject_invalid_confidence_floor[-0.5]" time="0.000" /><testcase classname="tests.test_adversarial_gate_c.TestAttack1InvalidParameterInjection" name="test_inject_invalid_confidence_floor[-10.0]" time="0.000" /><testcase classname="tests.test_adversarial_gate_c.TestAttack1InvalidParameterInjection" name="test_inject_invalid_confidence_floor[nan]" time="0.000" /><testcase classname="tests.test_adversarial_gate_c.TestAttack1InvalidParameterInjection" name="test_inject_invalid_confidence_floor[-inf]" time="0.000" /><testcase classname="tests.test_adversarial_gate_c.TestAttack1InvalidParameterInjection" name="test_inject_malformed_telemetry" time="0.000" /><testcase classname="tests.test_adversarial_gate_c.TestAttack1InvalidParameterInjection" name="test_inject_malformed_embeddings" time="0.000" /><testcase classname="tests.test_adversarial_gate_c.TestAttack1InvalidParameterInjection" name="test_engine_pre_lookup_validation_rejection" time="0.001" /><testcase classname="tests.test_adversarial_gate_c.TestAttack2CacheCollisionAndSensitivity" name="test_all_individual_parameters_force_cache_miss" time="0.008" /><testcase classname="tests.test_adversarial_gate_c.TestAttack2CacheCollisionAndSensitivity" name="test_full_64_hex_telemetry_digest_collision_resistance" time="0.001" /><testcase classname="tests.test_adversarial_gate_c.TestAttack2CacheCollisionAndSensitivity" name="test_model_version_and_digest_key_isolation" time="0.000" /><testcase classname="tests.test_adversarial_gate_c.TestAttack3CacheHitAmbiguityMasking" name="test_cache_hit_preserves_ambiguity_and_escalated_fields" time="0.003" /><testcase classname="tests.test_adversarial_gate_c.TestAttack3CacheHitAmbiguityMasking" name="test_cache_hit_preserves_unambiguous_state" time="0.002" /><testcase classname="tests.test_adversarial_gate_c.TestAttack3CacheHitAmbiguityMasking" name="test_defensive_copies_prevent_external_cache_corruption" time="0.002" /><testcase classname="tests.test_adversarial_gate_c.TestAttack4MultithreadedConcurrencyRace" name="test_concurrent_online_updates_and_decide" time="0.179" /><testcase classname="tests.test_adversarial_gate_c.TestAttack4MultithreadedConcurrencyRace" name="test_cache_invalidates_prior_versions_on_multiple_updates" time="0.010" /><testcase classname="tests.test_adversarial_gate_c.TestAttack5StrictModeSemanticSearchEvasion" name="test_strict_mode_rejects_approximate_semantic_search" time="0.000" /><testcase classname="tests.test_adversarial_gate_c.TestAttack5StrictModeSemanticSearchEvasion" name="test_enforce_durability_rejects_approximate_semantic_search" time="0.000" /><testcase classname="tests.test_adversarial_gate_c.TestAttack5StrictModeSemanticSearchEvasion" name="test_cross_strict_entry_isolation" time="0.000" /><testcase classname="tests.test_adversarial_gate_c.TestAttack6UncalibratedModelExploitation" name="test_conformal_predictor_uncalibrated_strict_full_set" time="0.000" /><testcase classname="tests.test_adversarial_gate_c.TestAttack6UncalibratedModelExploitation" name="test_regression_conformal_predictor_uncalibrated_full_domain" time="0.000" /><testcase classname="tests.test_adversarial_gate_c.TestAttack6UncalibratedModelExploitation" name="test_engine_all_fields_uncalibrated_strict_escalation" time="0.003" /><testcase classname="tests.test_adversarial_gate_c.TestAttack7DecoupledCalibrationAndInvariants" name="test_invariant_6_empty_set_counterexample" time="0.000" /><testcase classname="tests.test_adversarial_gate_c.TestAttack7DecoupledCalibrationAndInvariants" name="test_invariant_7_small_sample_order_statistic_full_domain" time="0.000" /><testcase classname="tests.test_adversarial_gate_c.TestAttack7DecoupledCalibrationAndInvariants" name="test_decoupled_temperature_and_quantile_folds" time="0.011" /><testcase classname="tests.test_adversarial_gate_c.TestAttack8TwinNamespaceParity" name="test_cache_namespace_parity" time="0.000" /><testcase classname="tests.test_adversarial_gate_c.TestAttack8TwinNamespaceParity" name="test_calibration_namespace_parity" time="0.000" /><testcase classname="tests.test_adversarial_gate_c.TestAttack8TwinNamespaceParity" name="test_compiler_namespace_parity" time="0.000" /><testcase classname="tests.test_adversarial_gate_c.TestAttack8TwinNamespaceParity" name="test_engine_namespace_parity" time="0.000" /><testcase classname="tests.test_adversarial_gate_d.TestAttack1ArtifactSubstitution" name="test_exact_candidate_model_weights_and_digest_promoted" time="1.427" /><testcase classname="tests.test_adversarial_gate_d.TestAttack1ArtifactSubstitution" name="test_artifact_digest_reproducibility_broken_by_dynamic_timestamps" time="1.154" /><testcase classname="tests.test_adversarial_gate_d.TestAttack1ArtifactSubstitution" name="test_no_post_validation_retraining_on_full_history" time="1.137" /><testcase classname="tests.test_adversarial_gate_d.TestAttack2VacuousPromotion" name="test_vacuous_promotion_empty_validation_history" time="0.001" /><testcase classname="tests.test_adversarial_gate_d.TestAttack2VacuousPromotion" name="test_vacuous_promotion_unmatched_answer_fields" time="0.002" /><testcase classname="tests.test_adversarial_gate_d.TestAttack2VacuousPromotion" name="test_vacuous_promotion_none_answer_values" time="0.002" /><testcase classname="tests.test_adversarial_gate_d.TestAttack2VacuousPromotion" name="test_client_cutover_defers_on_zero_scored_checks" time="0.001" /><testcase classname="tests.test_adversarial_gate_d.TestAttack3SmallSampleRelaxation" name="test_no_total_checks_minus_one_relaxation_in_evaluate" time="0.001" /><testcase classname="tests.test_adversarial_gate_d.TestAttack3SmallSampleRelaxation" name="test_client_fallback_policy_relaxation_vulnerability" time="0.000" /><testcase classname="tests.test_adversarial_gate_d.TestAttack3SmallSampleRelaxation" name="test_empirical_proof_small_sample_cutover_bypasses_wilson_bound" time="1.146" /><testcase classname="tests.test_adversarial_gate_d.TestAttack4StatisticalLowerBoundEvasion" name="test_borderline_10_samples_90_percent_agreement_rejected" time="0.001" /><testcase classname="tests.test_adversarial_gate_d.TestAttack4StatisticalLowerBoundEvasion" name="test_borderline_20_samples_85_percent_agreement_rejected" time="0.001" /><testcase classname="tests.test_adversarial_gate_d.TestAttack4StatisticalLowerBoundEvasion" name="test_large_sample_high_agreement_passes_wilson" time="0.004" /><testcase classname="tests.test_adversarial_gate_d.TestAttack5CriticalSecurityClassPoisoning" name="test_100_noncritical_matches_plus_1_critical_false_allow_aborts" time="0.003" /><testcase classname="tests.test_adversarial_gate_d.TestAttack5CriticalSecurityClassPoisoning" name="test_all_critical_class_aliases_rejected_on_false_allow[deny-allow]" time="0.000" /><testcase classname="tests.test_adversarial_gate_d.TestAttack5CriticalSecurityClassPoisoning" name="test_all_critical_class_aliases_rejected_on_false_allow[unsafe-safe]" time="0.000" /><testcase classname="tests.test_adversarial_gate_d.TestAttack5CriticalSecurityClassPoisoning" name="test_all_critical_class_aliases_rejected_on_false_allow[fraud-pass]" time="0.000" /><testcase classname="tests.test_adversarial_gate_d.TestAttack5CriticalSecurityClassPoisoning" name="test_all_critical_class_aliases_rejected_on_false_allow[block-permit]" time="0.000" /><testcase classname="tests.test_adversarial_gate_d.TestAttack5CriticalSecurityClassPoisoning" name="test_all_critical_class_aliases_rejected_on_false_allow[False-True]" time="0.001" /><testcase classname="tests.test_adversarial_gate_d.TestAttack5CriticalSecurityClassPoisoning" name="test_all_critical_class_aliases_rejected_on_false_allow[require_approval-allow]" time="0.000" /><testcase classname="tests.test_adversarial_gate_d.TestAttack5CriticalSecurityClassPoisoning" name="test_all_critical_class_aliases_rejected_on_false_allow[malicious-permit]" time="0.000" /><testcase classname="tests.test_adversarial_gate_d.TestAttack5CriticalSecurityClassPoisoning" name="test_all_critical_class_aliases_rejected_on_false_allow[high_risk-allow]" time="0.000" /><testcase classname="tests.test_adversarial_gate_d.TestAttack5CriticalSecurityClassPoisoning" name="test_all_critical_class_aliases_rejected_on_false_allow[critical-safe]" time="0.000" /><testcase classname="tests.test_adversarial_gate_d.TestAttack5CriticalSecurityClassPoisoning" name="test_adversarial_allow_class_vocabulary_blindspot" time="0.003" /><testcase classname="tests.test_adversarial_gate_d.TestAttack6OverlappingFoldPoisoning" name="test_assert_disjoint_rejects_shared_dictionary_instance" time="0.000" /><testcase classname="tests.test_adversarial_gate_d.TestAttack6OverlappingFoldPoisoning" name="test_assert_disjoint_rejects_identical_state_and_answers" time="0.000" /><testcase classname="tests.test_adversarial_gate_d.TestAttack6OverlappingFoldPoisoning" name="test_assert_disjoint_rejects_shared_lineage_group_id" time="0.000" /><testcase classname="tests.test_adversarial_gate_d.TestAttack6OverlappingFoldPoisoning" name="test_assert_disjoint_rejects_calib_and_val_overlap" time="0.000" /><testcase classname="tests.test_adversarial_gate_d.TestAttack6OverlappingFoldPoisoning" name="test_total_samples_le_2_bypasses_assert_disjoint" time="0.000" /><testcase classname="tests.test_adversarial_gate_d.TestAttack6OverlappingFoldPoisoning" name="test_typesafe_client_cutover_threshold_2_evaluates_on_training_fold" time="0.486" /><testcase classname="tests.test_adversarial_gate_e.TestAttack1SocketInterception" name="test_call_real_typesafe_api_blocks_before_dns_and_socket" time="0.000" /><testcase classname="tests.test_adversarial_gate_e.TestAttack1SocketInterception" name="test_typesafe_client_sync_methods_zero_egress" time="0.006" /><testcase classname="tests.test_adversarial_gate_e.TestAttack1SocketInterception" name="test_async_typesafe_client_zero_egress" time="0.004" /><testcase classname="tests.test_adversarial_gate_e.TestAttack1SocketInterception" name="test_auto_cutover_with_local_baseline_handler_zero_egress" time="0.016" /><testcase classname="tests.test_adversarial_gate_e.TestAttack1SocketInterception" name="test_top_level_functional_apis_zero_egress" time="0.007" /><testcase classname="tests.test_adversarial_gate_e.TestAttack1SocketInterception" name="test_twin_namespace_reflex_zero_egress" time="0.001" /><testcase classname="tests.test_adversarial_gate_e.TestAttack1SocketInterception" name="test_in_memory_patched_typesafe_module_zero_egress" time="0.003" /><testcase classname="tests.test_adversarial_gate_e.TestAttack2SilentFallbackPoisoning" name="test_call_real_typesafe_api_hard_exception_on_http_500" time="0.000" /><testcase classname="tests.test_adversarial_gate_e.TestAttack2SilentFallbackPoisoning" name="test_call_real_typesafe_api_hard_exception_on_network_timeout" time="0.001" /><testcase classname="tests.test_adversarial_gate_e.TestAttack2SilentFallbackPoisoning" name="test_call_real_typesafe_api_hard_exception_on_connection_refused" time="0.000" /><testcase classname="tests.test_adversarial_gate_e.TestAttack2SilentFallbackPoisoning" name="test_auto_cutover_history_remains_unpoisoned_on_transport_failure" time="0.002" /><testcase classname="tests.test_adversarial_gate_e.TestAttack2SilentFallbackPoisoning" name="test_async_auto_cutover_history_remains_unpoisoned" time="0.001" /><testcase classname="tests.test_adversarial_gate_e.TestAttack2SilentFallbackPoisoning" name="test_passthrough_mode_hard_exception_no_silent_fallback" time="0.000" /><testcase classname="tests.test_adversarial_gate_e.TestAttack3ConfigurationBypass" name="test_passthrough_with_zero_egress_fails_closed" time="0.000" /><testcase classname="tests.test_adversarial_gate_e.TestAttack3ConfigurationBypass" name="test_auto_cutover_without_handler_and_zero_egress_fails_closed" time="0.000" /><testcase classname="tests.test_adversarial_gate_e.TestAttack3ConfigurationBypass" name="test_allow_cloud_fallback_with_zero_egress_fails_closed" time="0.000" /><testcase classname="tests.test_adversarial_gate_e.TestAttack3ConfigurationBypass" name="test_conflicting_kwargs_precedence" time="0.000" /><testcase classname="tests.test_adversarial_gate_e.TestAttack3ConfigurationBypass" name="test_invalid_modes_fail_closed" time="0.001" /><testcase classname="tests.test_adversarial_gate_e.TestAttack3ConfigurationBypass" name="test_post_construction_attribute_tampering_fails_closed" time="0.000" /><testcase classname="tests.test_adversarial_gate_e.TestAttack3ConfigurationBypass" name="test_post_construction_cloud_fallback_tampering_abstains_offline" time="0.002" /><testcase classname="tests.test_adversarial_gate_e.TestAttack3ConfigurationBypass" name="test_functional_apis_fail_closed_on_invalid_configs" time="0.000" /><testcase classname="tests.test_adversarial_gate_e.TestAttack4AuditLogForensics" name="test_zero_egress_operations_produce_zero_audit_records" time="0.009" /><testcase classname="tests.test_adversarial_gate_e.TestAttack4AuditLogForensics" name="test_genuine_egress_records_complete_forensic_audit" time="0.323" /><testcase classname="tests.test_adversarial_gate_e.TestAttack5ConcurrencyStressHarness" name="test_multi_threaded_systemone_zero_egress_concurrency" time="0.034" /><testcase classname="tests.test_adversarial_gate_e.TestAttack5ConcurrencyStressHarness" name="test_multi_threaded_blocked_egress_concurrency" time="0.001" /><testcase classname="tests.test_adversarial_gate_e.TestAttack5ConcurrencyStressHarness" name="test_async_concurrent_gather_stress" time="0.035" /><testcase classname="tests.test_adversarial_gate_e.TestAttack6NamespaceAndPatchBoundary" name="test_reflex_and_system1_class_identity_and_contracts" time="0.000" /><testcase classname="tests.test_adversarial_gate_e.TestAttack6NamespaceAndPatchBoundary" name="test_patch_typesafe_unpatching_lifecycle_and_nesting" time="0.003" /><testcase classname="tests.test_adversarial_gate_f.TestAttack1NetworkInterfaceExposure" name="test_serve_default_host_parameter_is_strictly_loopback" time="0.000" /><testcase classname="tests.test_adversarial_gate_f.TestAttack1NetworkInterfaceExposure" name="test_serve_live_loopback_binding_and_ephemeral_port_assignment" time="0.213" /><testcase classname="tests.test_adversarial_gate_f.TestAttack1NetworkInterfaceExposure" name="test_cli_parser_defaults_to_loopback_host" time="0.001" /><testcase classname="tests.test_adversarial_gate_f.TestAttack1NetworkInterfaceExposure" name="test_concurrent_servers_on_ephemeral_ports_do_not_conflict" time="0.416" /><testcase classname="tests.test_adversarial_gate_f.TestAttack2GuardReferenceMonitorBypass" name="test_policy_engine_absolute_veto_blocks_malicious_proposal_via_grpc" time="0.017" /><testcase classname="tests.test_adversarial_gate_f.TestAttack2GuardReferenceMonitorBypass" name="test_unauthenticated_client_principal_cannot_spoof_privileged_role" time="0.011" /><testcase classname="tests.test_adversarial_gate_f.TestAttack2GuardReferenceMonitorBypass" name="test_guard_argument_limits_fail_closed" time="0.012" /><testcase classname="tests.test_adversarial_gate_f.TestAttack2GuardReferenceMonitorBypass" name="test_guard_malformed_inputs_fail_closed" time="0.009" /><testcase classname="tests.test_adversarial_gate_f.TestAttack2GuardReferenceMonitorBypass" name="test_guard_receipt_cryptographic_tamper_detection" time="0.013" /><testcase classname="tests.test_adversarial_gate_f.TestAttack2GuardReferenceMonitorBypass" name="test_guard_unauthenticated_profile_when_signing_key_omitted" time="0.010" /><testcase classname="tests.test_adversarial_gate_f.TestAttack2GuardReferenceMonitorBypass" name="test_guard_tenant_scoping_violation_denied" time="0.008" /><testcase classname="tests.test_adversarial_gate_f.TestAttack3ProtobufPolyglotInteroperability" name="test_polyglot_client_full_lifecycle_and_edge_cases" time="0.039" /><testcase classname="tests.test_adversarial_gate_f.TestAttack3ProtobufPolyglotInteroperability" name="test_polyglot_client_concurrency_stress" time="0.161" /><testcase classname="tests.test_adversarial_gate_f.TestAttack4DocumentationRigorAndPackagingParity" name="test_pyproject_toml_dependency_bounds_and_namespace_packaging" time="0.000" /><testcase classname="tests.test_adversarial_gate_f.TestAttack4DocumentationRigorAndPackagingParity" name="test_readme_installation_instructions_use_system1" time="0.000" /><testcase classname="tests.test_adversarial_gate_f.TestAttack4DocumentationRigorAndPackagingParity" name="test_documentation_claims_qualify_retention_and_enclave_details" time="0.001" /><testcase classname="tests.test_adversarial_gate_f.TestAttack4DocumentationRigorAndPackagingParity" name="test_pokemon_kaizo_speedrun_qualifies_zero_wipe_as_empirical" time="0.000" /><testcase classname="tests.test_adversarial_gate_f.TestAttack4DocumentationRigorAndPackagingParity" name="test_twin_namespace_parity_gate_f_exports" time="0.000" /><testcase classname="tests.test_adversarial_invariants_6_to_10.TestInvariant6ConformalPredictorStress" name="test_edge_case_vector_40_35_25_at_extreme_alphas[0.001]" time="0.000" /><testcase classname="tests.test_adversarial_invariants_6_to_10.TestInvariant6ConformalPredictorStress" name="test_edge_case_vector_40_35_25_at_extreme_alphas[0.01]" time="0.000" /><testcase classname="tests.test_adversarial_invariants_6_to_10.TestInvariant6ConformalPredictorStress" name="test_edge_case_vector_40_35_25_at_extreme_alphas[0.05]" time="0.000" /><testcase classname="tests.test_adversarial_invariants_6_to_10.TestInvariant6ConformalPredictorStress" name="test_edge_case_vector_40_35_25_at_extreme_alphas[0.1]" time="0.000" /><testcase classname="tests.test_adversarial_invariants_6_to_10.TestInvariant6ConformalPredictorStress" name="test_edge_case_vector_40_35_25_at_extreme_alphas[0.5]" time="0.000" /><testcase classname="tests.test_adversarial_invariants_6_to_10.TestInvariant6ConformalPredictorStress" name="test_edge_case_vector_40_35_25_at_extreme_alphas[0.9]" time="0.000" /><testcase classname="tests.test_adversarial_invariants_6_to_10.TestInvariant6ConformalPredictorStress" name="test_edge_case_vector_40_35_25_at_extreme_alphas[0.99]" time="0.000" /><testcase classname="tests.test_adversarial_invariants_6_to_10.TestInvariant6ConformalPredictorStress" name="test_degenerate_uniform_distributions[2]" time="0.000" /><testcase classname="tests.test_adversarial_invariants_6_to_10.TestInvariant6ConformalPredictorStress" name="test_degenerate_uniform_distributions[3]" time="0.000" /><testcase classname="tests.test_adversarial_invariants_6_to_10.TestInvariant6ConformalPredictorStress" name="test_degenerate_uniform_distributions[5]" time="0.000" /><testcase classname="tests.test_adversarial_invariants_6_to_10.TestInvariant6ConformalPredictorStress" name="test_degenerate_uniform_distributions[10]" time="0.000" /><testcase classname="tests.test_adversarial_invariants_6_to_10.TestInvariant6ConformalPredictorStress" name="test_degenerate_uniform_distributions[20]" time="0.000" /><testcase classname="tests.test_adversarial_invariants_6_to_10.TestInvariant6ConformalPredictorStress" name="test_degenerate_uniform_distributions[50]" time="0.001" /><testcase classname="tests.test_adversarial_invariants_6_to_10.TestInvariant6ConformalPredictorStress" name="test_degenerate_uniform_distributions[100]" time="0.001" /><testcase classname="tests.test_adversarial_invariants_6_to_10.TestInvariant6ConformalPredictorStress" name="test_single_choice_dominance[3]" time="0.000" /><testcase classname="tests.test_adversarial_invariants_6_to_10.TestInvariant6ConformalPredictorStress" name="test_single_choice_dominance[5]" time="0.000" /><testcase classname="tests.test_adversarial_invariants_6_to_10.TestInvariant6ConformalPredictorStress" name="test_single_choice_dominance[10]" time="0.000" /><testcase classname="tests.test_adversarial_invariants_6_to_10.TestInvariant6ConformalPredictorStress" name="test_near_threshold_boundary_floating_point" time="0.000" /><testcase classname="tests.test_adversarial_invariants_6_to_10.TestInvariant6ConformalPredictorStress" name="test_empirical_coverage_bounds_monte_carlo" time="0.036" /><testcase classname="tests.test_adversarial_invariants_6_to_10.TestInvariant6ConformalPredictorStress" name="test_uncalibrated_conformal_predictor_conservative_bound" time="0.000" /><testcase classname="tests.test_adversarial_invariants_6_to_10.TestInvariant6ConformalPredictorStress" name="test_strict_mode_suppresses_margin_gating" time="0.000" /><testcase classname="tests.test_adversarial_invariants_6_to_10.TestInvariant7RegressionConformalStress" name="test_small_samples_order_statistic_overflow_returns_full_domain[domain0-0.01-1]" time="0.001" /><testcase classname="tests.test_adversarial_invariants_6_to_10.TestInvariant7RegressionConformalStress" name="test_small_samples_order_statistic_overflow_returns_full_domain[domain0-0.01-2]" time="0.000" /><testcase classname="tests.test_adversarial_invariants_6_to_10.TestInvariant7RegressionConformalStress" name="test_small_samples_order_statistic_overflow_returns_full_domain[domain0-0.01-3]" time="0.000" /><testcase classname="tests.test_adversarial_invariants_6_to_10.TestInvariant7RegressionConformalStress" name="test_small_samples_order_statistic_overflow_returns_full_domain[domain0-0.01-5]" time="0.000" /><testcase classname="tests.test_adversarial_invariants_6_to_10.TestInvariant7RegressionConformalStress" name="test_small_samples_order_statistic_overflow_returns_full_domain[domain0-0.05-1]" time="0.000" /><testcase classname="tests.test_adversarial_invariants_6_to_10.TestInvariant7RegressionConformalStress" name="test_small_samples_order_statistic_overflow_returns_full_domain[domain0-0.05-2]" time="0.000" /><testcase classname="tests.test_adversarial_invariants_6_to_10.TestInvariant7RegressionConformalStress" name="test_small_samples_order_statistic_overflow_returns_full_domain[domain0-0.05-3]" time="0.000" /><testcase classname="tests.test_adversarial_invariants_6_to_10.TestInvariant7RegressionConformalStress" name="test_small_samples_order_statistic_overflow_returns_full_domain[domain0-0.05-5]" time="0.000" /><testcase classname="tests.test_adversarial_invariants_6_to_10.TestInvariant7RegressionConformalStress" name="test_small_samples_order_statistic_overflow_returns_full_domain[domain1-0.01-1]" time="0.000" /><testcase classname="tests.test_adversarial_invariants_6_to_10.TestInvariant7RegressionConformalStress" name="test_small_samples_order_statistic_overflow_returns_full_domain[domain1-0.01-2]" time="0.000" /><testcase classname="tests.test_adversarial_invariants_6_to_10.TestInvariant7RegressionConformalStress" name="test_small_samples_order_statistic_overflow_returns_full_domain[domain1-0.01-3]" time="0.000" /><testcase classname="tests.test_adversarial_invariants_6_to_10.TestInvariant7RegressionConformalStress" name="test_small_samples_order_statistic_overflow_returns_full_domain[domain1-0.01-5]" time="0.000" /><testcase classname="tests.test_adversarial_invariants_6_to_10.TestInvariant7RegressionConformalStress" name="test_small_samples_order_statistic_overflow_returns_full_domain[domain1-0.05-1]" time="0.000" /><testcase classname="tests.test_adversarial_invariants_6_to_10.TestInvariant7RegressionConformalStress" name="test_small_samples_order_statistic_overflow_returns_full_domain[domain1-0.05-2]" time="0.000" /><testcase classname="tests.test_adversarial_invariants_6_to_10.TestInvariant7RegressionConformalStress" name="test_small_samples_order_statistic_overflow_returns_full_domain[domain1-0.05-3]" time="0.000" /><testcase classname="tests.test_adversarial_invariants_6_to_10.TestInvariant7RegressionConformalStress" name="test_small_samples_order_statistic_overflow_returns_full_domain[domain1-0.05-5]" time="0.000" /><testcase classname="tests.test_adversarial_invariants_6_to_10.TestInvariant7RegressionConformalStress" name="test_small_samples_order_statistic_overflow_returns_full_domain[domain2-0.01-1]" time="0.000" /><testcase classname="tests.test_adversarial_invariants_6_to_10.TestInvariant7RegressionConformalStress" name="test_small_samples_order_statistic_overflow_returns_full_domain[domain2-0.01-2]" time="0.000" /><testcase classname="tests.test_adversarial_invariants_6_to_10.TestInvariant7RegressionConformalStress" name="test_small_samples_order_statistic_overflow_returns_full_domain[domain2-0.01-3]" time="0.000" /><testcase classname="tests.test_adversarial_invariants_6_to_10.TestInvariant7RegressionConformalStress" name="test_small_samples_order_statistic_overflow_returns_full_domain[domain2-0.01-5]" time="0.000" /><testcase classname="tests.test_adversarial_invariants_6_to_10.TestInvariant7RegressionConformalStress" name="test_small_samples_order_statistic_overflow_returns_full_domain[domain2-0.05-1]" time="0.000" /><testcase classname="tests.test_adversarial_invariants_6_to_10.TestInvariant7RegressionConformalStress" name="test_small_samples_order_statistic_overflow_returns_full_domain[domain2-0.05-2]" time="0.000" /><testcase classname="tests.test_adversarial_invariants_6_to_10.TestInvariant7RegressionConformalStress" name="test_small_samples_order_statistic_overflow_returns_full_domain[domain2-0.05-3]" time="0.000" /><testcase classname="tests.test_adversarial_invariants_6_to_10.TestInvariant7RegressionConformalStress" name="test_small_samples_order_statistic_overflow_returns_full_domain[domain2-0.05-5]" time="0.000" /><testcase classname="tests.test_adversarial_invariants_6_to_10.TestInvariant7RegressionConformalStress" name="test_small_samples_order_statistic_overflow_returns_full_domain[domain3-0.01-1]" time="0.000" /><testcase classname="tests.test_adversarial_invariants_6_to_10.TestInvariant7RegressionConformalStress" name="test_small_samples_order_statistic_overflow_returns_full_domain[domain3-0.01-2]" time="0.000" /><testcase classname="tests.test_adversarial_invariants_6_to_10.TestInvariant7RegressionConformalStress" name="test_small_samples_order_statistic_overflow_returns_full_domain[domain3-0.01-3]" time="0.000" /><testcase classname="tests.test_adversarial_invariants_6_to_10.TestInvariant7RegressionConformalStress" name="test_small_samples_order_statistic_overflow_returns_full_domain[domain3-0.01-5]" time="0.000" /><testcase classname="tests.test_adversarial_invariants_6_to_10.TestInvariant7RegressionConformalStress" name="test_small_samples_order_statistic_overflow_returns_full_domain[domain3-0.05-1]" time="0.000" /><testcase classname="tests.test_adversarial_invariants_6_to_10.TestInvariant7RegressionConformalStress" name="test_small_samples_order_statistic_overflow_returns_full_domain[domain3-0.05-2]" time="0.000" /><testcase classname="tests.test_adversarial_invariants_6_to_10.TestInvariant7RegressionConformalStress" name="test_small_samples_order_statistic_overflow_returns_full_domain[domain3-0.05-3]" time="0.000" /><testcase classname="tests.test_adversarial_invariants_6_to_10.TestInvariant7RegressionConformalStress" name="test_small_samples_order_statistic_overflow_returns_full_domain[domain3-0.05-5]" time="0.000" /><testcase classname="tests.test_adversarial_invariants_6_to_10.TestInvariant7RegressionConformalStress" name="test_small_samples_order_statistic_overflow_returns_full_domain[domain4-0.01-1]" time="0.000" /><testcase classname="tests.test_adversarial_invariants_6_to_10.TestInvariant7RegressionConformalStress" name="test_small_samples_order_statistic_overflow_returns_full_domain[domain4-0.01-2]" time="0.000" /><testcase classname="tests.test_adversarial_invariants_6_to_10.TestInvariant7RegressionConformalStress" name="test_small_samples_order_statistic_overflow_returns_full_domain[domain4-0.01-3]" time="0.000" /><testcase classname="tests.test_adversarial_invariants_6_to_10.TestInvariant7RegressionConformalStress" name="test_small_samples_order_statistic_overflow_returns_full_domain[domain4-0.01-5]" time="0.000" /><testcase classname="tests.test_adversarial_invariants_6_to_10.TestInvariant7RegressionConformalStress" name="test_small_samples_order_statistic_overflow_returns_full_domain[domain4-0.05-1]" time="0.000" /><testcase classname="tests.test_adversarial_invariants_6_to_10.TestInvariant7RegressionConformalStress" name="test_small_samples_order_statistic_overflow_returns_full_domain[domain4-0.05-2]" time="0.000" /><testcase classname="tests.test_adversarial_invariants_6_to_10.TestInvariant7RegressionConformalStress" name="test_small_samples_order_statistic_overflow_returns_full_domain[domain4-0.05-3]" time="0.000" /><testcase classname="tests.test_adversarial_invariants_6_to_10.TestInvariant7RegressionConformalStress" name="test_small_samples_order_statistic_overflow_returns_full_domain[domain4-0.05-5]" time="0.000" /><testcase classname="tests.test_adversarial_invariants_6_to_10.TestInvariant7RegressionConformalStress" name="test_regression_conformal_uncalibrated_behavior" time="0.000" /><testcase classname="tests.test_adversarial_invariants_6_to_10.TestInvariant7RegressionConformalStress" name="test_regression_conformal_valid_order_statistic_tight_bound" time="0.000" /><testcase classname="tests.test_adversarial_invariants_6_to_10.TestInvariants8And9CacheLifecycleStress" name="test_invariant_8_rapid_fire_online_learning_updates" time="0.042" /><testcase classname="tests.test_adversarial_invariants_6_to_10.TestInvariants8And9CacheLifecycleStress" name="test_invariant_8_multi_prompt_batch_eviction" time="0.059" /><testcase classname="tests.test_adversarial_invariants_6_to_10.TestInvariants8And9CacheLifecycleStress" name="test_invariant_9_cross_parameter_cache_bleeding_isolation" time="0.029" /><testcase classname="tests.test_adversarial_invariants_6_to_10.TestInvariants8And9CacheLifecycleStress" name="test_cache_mutation_defense" time="0.029" /><testcase classname="tests.test_adversarial_invariants_6_to_10.TestInvariants8And9CacheLifecycleStress" name="test_multi_threaded_concurrency_stress" time="1.160" /><testcase classname="tests.test_adversarial_invariants_6_to_10.TestInvariant10CutoverPromotionStress" name="test_overfitting_memorization_rejected_on_held_out_validation" time="0.029" /><testcase classname="tests.test_adversarial_invariants_6_to_10.TestInvariant10CutoverPromotionStress" name="test_borderline_sample_size_below_minimum_rejected[0]" time="0.000" /><testcase classname="tests.test_adversarial_invariants_6_to_10.TestInvariant10CutoverPromotionStress" name="test_borderline_sample_size_below_minimum_rejected[1]" time="0.000" /><testcase classname="tests.test_adversarial_invariants_6_to_10.TestInvariant10CutoverPromotionStress" name="test_borderline_sample_size_below_minimum_rejected[2]" time="0.000" /><testcase classname="tests.test_adversarial_invariants_6_to_10.TestInvariant10CutoverPromotionStress" name="test_borderline_sample_size_below_minimum_rejected[4]" time="0.000" /><testcase classname="tests.test_adversarial_invariants_6_to_10.TestInvariant10CutoverPromotionStress" name="test_single_critical_safety_violation_strictly_blocks_promotion[deny-allow]" time="0.000" /><testcase classname="tests.test_adversarial_invariants_6_to_10.TestInvariant10CutoverPromotionStress" name="test_single_critical_safety_violation_strictly_blocks_promotion[unsafe-safe]" time="0.000" /><testcase classname="tests.test_adversarial_invariants_6_to_10.TestInvariant10CutoverPromotionStress" name="test_single_critical_safety_violation_strictly_blocks_promotion[fraud-permit]" time="0.000" /><testcase classname="tests.test_adversarial_invariants_6_to_10.TestInvariant10CutoverPromotionStress" name="test_single_critical_safety_violation_strictly_blocks_promotion[block-pass]" time="0.000" /><testcase classname="tests.test_adversarial_invariants_6_to_10.TestInvariant10CutoverPromotionStress" name="test_single_critical_safety_violation_strictly_blocks_promotion[high_risk-allow]" time="0.000" /><testcase classname="tests.test_adversarial_invariants_6_to_10.TestInvariant10CutoverPromotionStress" name="test_single_critical_safety_violation_strictly_blocks_promotion[malicious-safe]" time="0.000" /><testcase classname="tests.test_adversarial_invariants_6_to_10.TestInvariant10CutoverPromotionStress" name="test_single_critical_safety_violation_strictly_blocks_promotion[critical-allow]" time="0.000" /><testcase classname="tests.test_adversarial_invariants_6_to_10.TestInvariant10CutoverPromotionStress" name="test_single_critical_safety_violation_strictly_blocks_promotion[require_approval-allow]" time="0.000" /><testcase classname="tests.test_adversarial_invariants_6_to_10.TestInvariant10CutoverPromotionStress" name="test_single_critical_safety_violation_strictly_blocks_promotion[False-True]" time="0.000" /><testcase classname="tests.test_adversarial_invariants_6_to_10.TestInvariant10CutoverPromotionStress" name="test_wilson_lower_bound_statistical_gating" time="0.000" /><testcase classname="tests.test_adversarial_invariants_6_to_10.TestInvariant10CutoverPromotionStress" name="test_adversarial_vacuous_validation_history" time="0.000" /><testcase classname="tests.test_adversarial_invariants_challenger_1" name="test_invariant_1_weird_methods_never_invoke_executor[TOOLS/CALL]" time="0.020" /><testcase classname="tests.test_adversarial_invariants_challenger_1" name="test_invariant_1_weird_methods_never_invoke_executor[Tools/Call]" time="0.018" /><testcase classname="tests.test_adversarial_invariants_challenger_1" name="test_invariant_1_weird_methods_never_invoke_executor[tools/call/extra]" time="0.019" /><testcase classname="tests.test_adversarial_invariants_challenger_1" name="test_invariant_1_weird_methods_never_invoke_executor[tools/call/../call]" time="0.019" /><testcase classname="tests.test_adversarial_invariants_challenger_1" name="test_invariant_1_weird_methods_never_invoke_executor[tools/call\x00]" time="0.018" /><testcase classname="tests.test_adversarial_invariants_challenger_1" name="test_invariant_1_weird_methods_never_invoke_executor[ tools/call]" time="0.029" /><testcase classname="tests.test_adversarial_invariants_challenger_1" name="test_invariant_1_weird_methods_never_invoke_executor[tools/call ]" time="0.021" /><testcase classname="tests.test_adversarial_invariants_challenger_1" name="test_invariant_1_weird_methods_never_invoke_executor[tools/\tcall]" time="0.018" /><testcase classname="tests.test_adversarial_invariants_challenger_1" name="test_invariant_1_weird_methods_never_invoke_executor[tools/call\n]" time="0.018" /><testcase classname="tests.test_adversarial_invariants_challenger_1" name="test_invariant_1_weird_methods_never_invoke_executor[tools/\u0441all]" time="0.019" /><testcase classname="tests.test_adversarial_invariants_challenger_1" name="test_invariant_1_weird_methods_never_invoke_executor[tools\uff0fcall]" time="0.018" /><testcase classname="tests.test_adversarial_invariants_challenger_1" name="test_invariant_1_weird_methods_never_invoke_executor[ping]" time="0.018" /><testcase classname="tests.test_adversarial_invariants_challenger_1" name="test_invariant_1_weird_methods_never_invoke_executor[initialize]" time="0.018" /><testcase classname="tests.test_adversarial_invariants_challenger_1" name="test_invariant_1_weird_methods_never_invoke_executor[tools/list]" time="0.019" /><testcase classname="tests.test_adversarial_invariants_challenger_1" name="test_invariant_1_weird_methods_never_invoke_executor[notifications/cancelled]" time="0.019" /><testcase classname="tests.test_adversarial_invariants_challenger_1" name="test_invariant_1_weird_methods_never_invoke_executor[custom/exec]" time="0.018" /><testcase classname="tests.test_adversarial_invariants_challenger_1" name="test_invariant_1_weird_methods_never_invoke_executor[system.exec]" time="0.020" /><testcase classname="tests.test_adversarial_invariants_challenger_1" name="test_invariant_1_weird_methods_never_invoke_executor[]" time="0.018" /><testcase classname="tests.test_adversarial_invariants_challenger_1" name="test_invariant_1_weird_methods_never_invoke_executor[None]" time="0.018" /><testcase classname="tests.test_adversarial_invariants_challenger_1" name="test_invariant_1_weird_methods_never_invoke_executor[12345]" time="0.018" /><testcase classname="tests.test_adversarial_invariants_challenger_1" name="test_invariant_1_ping_with_malicious_command_injection" time="0.018" /><testcase classname="tests.test_adversarial_invariants_challenger_1" name="test_invariant_1_initialize_with_tool_arguments" time="0.019" /><testcase classname="tests.test_adversarial_invariants_challenger_1" name="test_invariant_2_massive_payload_no_truncation_in_arguments" time="0.021" /><testcase classname="tests.test_adversarial_invariants_challenger_1" name="test_invariant_2_deeply_nested_structures_preserved" time="0.019" /><testcase classname="tests.test_adversarial_invariants_challenger_1" name="test_invariant_2_complex_signatures_with_positional_and_kwargs" time="0.019" /><testcase classname="tests.test_adversarial_invariants_challenger_1" name="test_invariant_3_all_receipt_verification_bypass_attacks_fail_closed" time="0.001" /><testcase classname="tests.test_adversarial_invariants_challenger_1" name="test_invariant_4_gross_tampering_fails_verification" time="0.001" /><testcase classname="tests.test_adversarial_invariants_challenger_1" name="test_invariant_4_epsilon_1e7_tamper_rejected" time="0.001" /><testcase classname="tests.test_adversarial_invariants_challenger_1" name="test_invariant_4_epsilon_perturbations_down_to_1e12_rejected[1e-07]" time="0.001" /><testcase classname="tests.test_adversarial_invariants_challenger_1" name="test_invariant_4_epsilon_perturbations_down_to_1e12_rejected[1e-08]" time="0.001" /><testcase classname="tests.test_adversarial_invariants_challenger_1" name="test_invariant_4_epsilon_perturbations_down_to_1e12_rejected[1e-09]" time="0.001" /><testcase classname="tests.test_adversarial_invariants_challenger_1" name="test_invariant_4_epsilon_perturbations_down_to_1e12_rejected[1e-10]" time="0.001" /><testcase classname="tests.test_adversarial_invariants_challenger_1" name="test_invariant_4_epsilon_perturbations_down_to_1e12_rejected[1e-11]" time="0.001" /><testcase classname="tests.test_adversarial_invariants_challenger_1" name="test_invariant_4_epsilon_perturbations_down_to_1e12_rejected[1e-12]" time="0.001" /><testcase classname="tests.test_adversarial_invariants_challenger_1" name="test_invariant_5_readonly_sqlite_database_fails_closed" time="0.013" /><testcase classname="tests.test_adversarial_invariants_challenger_1" name="test_invariant_5_locked_database_fails_closed" time="0.011" /><testcase classname="tests.test_adversarial_invariants_challenger_1" name="test_invariant_5_disk_full_fails_closed" time="0.010" /><testcase classname="tests.test_adversarial_invariants_challenger_1" name="test_invariant_5_corrupt_head_hash_fails_closed" time="0.011" /><testcase classname="tests.test_adversarial_invariants_challenger_1" name="test_invariant_5_unrecorded_receipt_fails_closed" time="0.001" /><testcase classname="tests.test_adversarial_invariants_challenger_1" name="test_invariant_2_langchain_callback_exceeding_4096_chars_handled_gracefully" time="0.018" /><testcase classname="tests.test_adversarial_invariants_challenger_1" name="test_invariant_1_mcp_malformed_arguments_type_zero_executions" time="0.019" /><testcase classname="tests.test_adversarial_m1_parity" name="test_static_and_dynamic_submodule_imports" time="0.000" /><testcase classname="tests.test_adversarial_m1_parity" name="test_toplevel_symbols_identity_across_all" time="0.000" /><testcase classname="tests.test_adversarial_m1_parity" name="test_reflex_dynamic_submodule_getattr_and_hasattr" time="0.000" /><testcase classname="tests.test_adversarial_m1_parity" name="test_system1_dynamic_submodule_getattr_and_hasattr_isolated" time="0.199" /><testcase classname="tests.test_adversarial_m1_parity" name="test_guard_interception_result_allowed_property_stress" time="0.001" /><testcase classname="tests.test_adversarial_m1_parity" name="test_guard_hooks_twin_allowed_behavior" time="0.045" /><testcase classname="tests.test_adversarial_m1_parity" name="test_dynamic_attribute_access_nonexistent" time="0.000" /><testcase classname="tests.test_adversarial_m1_parity" name="test_mutation_invariance" time="0.000" /><testcase classname="tests.test_adversarial_tier5_engine" name="test_stable_softmax_and_sigmoid_extreme_boundary_conditions" time="0.000" /><testcase classname="tests.test_adversarial_tier5_engine" name="test_conformal_predictor_uncalibrated_and_alpha_bounds" time="0.000" /><testcase classname="tests.test_adversarial_tier5_engine" name="test_conformal_single_option_and_ood_empty_set" time="0.000" /><testcase classname="tests.test_adversarial_tier5_engine" name="test_regression_conformal_predictor_boundaries" time="0.000" /><testcase classname="tests.test_adversarial_tier5_engine" name="test_margin_gating_adversarial_thresholds" time="0.000" /><testcase classname="tests.test_adversarial_tier5_engine" name="test_proper_scoring_rules_and_single_sample_calibration" time="0.000" /><testcase classname="tests.test_adversarial_tier5_engine" name="test_sherman_morrison_500_sequential_updates_drift_and_symmetry" time="0.010" /><testcase classname="tests.test_adversarial_tier5_engine" name="test_sherman_morrison_adversarial_inputs_and_singularity" time="0.000" /><testcase classname="tests.test_adversarial_tier5_engine" name="test_semantic_projector_adversarial_inputs" time="0.044" /><testcase classname="tests.test_adversarial_tier5_engine" name="test_telemetry_projector_extreme_fusions" time="0.018" /><testcase classname="tests.test_adversarial_tier5_engine" name="test_cache_capacity_1_churn_and_zero_norm" time="0.000" /><testcase classname="tests.test_adversarial_tier5_engine" name="test_cache_telemetry_isolation" time="0.000" /><testcase classname="tests.test_adversarial_tier5_engine" name="test_cache_multithreaded_concurrency_stress" time="0.023" /><testcase classname="tests.test_adversarial_tier5_engine" name="test_engine_uncalibrated_baseline_execution" time="0.006" /><testcase classname="tests.test_adversarial_tier5_engine" name="test_engine_empty_prompt_and_batch_mismatch" time="0.007" /><testcase classname="tests.test_adversarial_tier5_engine" name="test_engine_learn_from_tier2_unknown_field_graceful" time="0.005" /><testcase classname="tests.test_adversarial_tier5_engine" name="test_engine_rapid_sequential_stress_loop" time="0.055" /><testcase classname="tests.test_adversarial_tier5_engine" name="test_engine_benchmark_minimal_warmup_and_custom_prompts" time="0.010" /><testcase classname="tests.test_attestation_invariants" name="test_invariant_3_rejects_missing_signature_when_public_key_supplied" time="0.001" /><testcase classname="tests.test_attestation_invariants" name="test_invariant_3_rejects_missing_signature_for_product_signed_profile" time="0.001" /><testcase classname="tests.test_attestation_invariants" name="test_invariant_3_rejects_unauthenticated_key_substitution" time="0.001" /><testcase classname="tests.test_attestation_invariants" name="test_invariant_4_canonical_probabilities_in_receipt_and_digest" time="0.000" /><testcase classname="tests.test_attestation_invariants" name="test_invariant_4_mutating_probabilities_breaks_verification" time="0.001" /><testcase classname="tests.test_attestation_invariants" name="test_invariant_5_engine_decide_raises_ledger_write_error_when_fail_closed" time="0.012" /><testcase classname="tests.test_attestation_invariants" name="test_invariant_5_guard_hook_fails_closed_on_ledger_error" time="0.025" /><testcase classname="tests.test_attestation_invariants" name="test_invariant_5_guard_hook_denies_on_unrecorded_receipt" time="0.001" /><testcase classname="tests.test_attestation_invariants" name="test_execution_outcome_chaining_success" time="0.003" /><testcase classname="tests.test_attestation_invariants" name="test_execution_outcome_chaining_failure" time="0.003" /><testcase classname="tests.test_attestation_invariants" name="test_mcp_handle_call_chains_outcome_to_ledger" time="0.025" /><testcase classname="tests.test_audit_architectural_upgrades" name="test_cardinality_scaled_margin_gate_high_vs_low_k" time="0.000" /><testcase classname="tests.test_audit_architectural_upgrades" name="test_relative_odds_ratio_gate_rejects_close_runner_up" time="0.000" /><testcase classname="tests.test_audit_architectural_upgrades" name="test_conformal_set_metadata_serialization" time="0.000" /><testcase classname="tests.test_audit_architectural_upgrades" name="test_sherman_morrison_forgetting_factor_prevents_asphyxiation" time="0.016" /><testcase classname="tests.test_audit_architectural_upgrades" name="test_engine_learn_from_tier2_supports_forgetting_factor" time="0.002" /><testcase classname="tests.test_audit_architectural_upgrades" name="test_recency_aware_context_weighting" time="0.008" /><testcase classname="tests.test_audit_architectural_upgrades" name="test_recency_formula_decay" time="0.000" /><testcase classname="tests.test_audit_architectural_upgrades" name="test_engine_decide_with_recency_weighted" time="0.002" /><testcase classname="tests.test_audit_architectural_upgrades" name="test_field_level_escalation_granularity_prevents_advisory_poisoning" time="0.003" /><testcase classname="tests.test_audit_architectural_upgrades" name="test_field_level_escalation_triggers_on_control_field_ambiguity" time="0.001" /><testcase classname="tests.test_audit_architectural_upgrades" name="test_schema_serialization_preserves_escalate_on_ambiguity" time="0.000" /><testcase classname="tests.test_audit_architectural_upgrades" name="test_covariance_stability_over_10000_updates_unexcited_subspace" time="0.184" /><testcase classname="tests.test_audit_architectural_upgrades" name="test_s1m_serialization_roundtrip_preserves_all_hyperparameters" time="0.011" /><testcase classname="tests.test_audit_architectural_upgrades" name="test_engine_init_and_decide_custom_odds_ratio_and_confidence_floor" time="0.002" /><testcase classname="tests.test_authorization_invariants" name="test_invariant_1_mcp_ping_does_not_invoke_executor" time="0.019" /><testcase classname="tests.test_authorization_invariants" name="test_invariant_1_mcp_initialize_does_not_invoke_executor" time="0.018" /><testcase classname="tests.test_authorization_invariants" name="test_invariant_1_mcp_tools_list_does_not_invoke_executor" time="0.019" /><testcase classname="tests.test_authorization_invariants" name="test_invariant_1_mcp_tools_call_dispatches_when_allowed" time="0.020" /><testcase classname="tests.test_authorization_invariants" name="test_invariant_2_langchain_callback_no_character_truncation" time="0.025" /><testcase classname="tests.test_authorization_invariants" name="test_invariant_2_wrap_mcp_tool_signature_binding" time="0.021" /><testcase classname="tests.test_authorization_invariants" name="test_invariant_2_langchain_interceptor_signature_binding" time="0.018" /><testcase classname="tests.test_authorization_invariants" name="test_deterministic_policy_override_vetoes_before_inference" time="0.018" /><testcase classname="tests.test_authorization_invariants" name="test_deterministic_policy_scoping_by_tenant_and_action" time="0.020" /><testcase classname="tests.test_authorization_invariants" name="test_sentinel_zero_calls_on_deny" time="0.020" /><testcase classname="tests.test_authorization_invariants" name="test_sentinel_zero_calls_on_malformed_jsonrpc" time="0.018" /><testcase classname="tests.test_authorization_invariants" name="test_sentinel_zero_calls_on_langchain_blocked_exception" time="0.020" /><testcase classname="tests.test_auto_cutover" name="test_typesafe_client_modes_initialization" time="0.000" /><testcase classname="tests.test_auto_cutover" name="test_passthrough_mode_execution" time="0.267" /><testcase classname="tests.test_auto_cutover" name="test_auto_cutover_engine_trojan_horse_lifecycle" time="1.229" /><testcase classname="tests.test_auto_cutover" name="test_auto_cutover_respects_min_agreement_threshold" time="0.751" /><testcase classname="tests.test_auto_cutover" name="test_auto_cutover_high_concurrency_thread_safety" time="0.353" /><testcase classname="tests.test_auto_cutover" name="test_manual_distill_and_cutover" time="1.214" /><testcase classname="tests.test_auto_cutover" name="test_async_typesafe_client_auto_cutover" time="0.729" /><testcase classname="tests.test_auto_cutover" name="test_auto_cutover_model_export" time="2.388" /><testcase classname="tests.test_auto_cutover_showcase" name="test_use_case_definitions" time="0.000" /><testcase classname="tests.test_auto_cutover_showcase" name="test_fintech_auto_cutover_showcase_run" time="1.197" /><testcase classname="tests.test_auto_cutover_showcase" name="test_clinical_and_ecommerce_showcase_runs" time="2.120" /><testcase classname="tests.test_auto_cutover_showcase" name="test_burst_benchmark_execution" time="0.025" /><testcase classname="tests.test_auto_cutover_showcase" name="test_showcase_non_cutover_edge_case" time="0.708" /><testcase classname="tests.test_auto_cutover_showcase" name="test_showcase_with_model_export" time="1.264" /><testcase classname="tests.test_autonomous_agent_firewall_showcase" name="test_schema_and_dataset_specifications" time="0.000" /><testcase classname="tests.test_autonomous_agent_firewall_showcase" name="test_baseline_handler_generation" time="0.000" /><testcase classname="tests.test_autonomous_agent_firewall_showcase" name="test_autonomous_firewall_lifecycle_run" time="0.843" /><testcase classname="tests.test_autonomous_agent_firewall_showcase" name="test_multithreaded_stress_benchmark" time="1.783" /><testcase classname="tests.test_autonomous_agent_firewall_showcase" name="test_crypto_and_audit_trail_verification" time="0.023" /><testcase classname="tests.test_autonomous_agent_firewall_showcase" name="test_non_cutover_graceful_completion" time="0.034" /><testcase classname="tests.test_autonomous_agent_firewall_showcase" name="test_enterprise_stress_showcase_alias" time="0.000" /><testcase classname="tests.test_autonomous_agent_firewall_showcase" name="test_firewall_classification_and_conformal_accuracy" time="0.213" /><testcase classname="tests.test_autonomous_agent_firewall_showcase" name="test_demonstrate_monkey_patching_accuracy" time="0.105" /><testcase classname="tests.test_cache_invariants" name="test_invariant_8_online_learning_semantic_cache_invalidation" time="0.066" /><testcase classname="tests.test_cache_invariants" name="test_invariant_8_batch_of_ten_distinct_prompts_evicted_and_updated" time="0.056" /><testcase classname="tests.test_cache_invariants" name="test_invariant_9_context_binding_rejects_cached_entries_under_different_risk_params" time="0.039" /><testcase classname="tests.test_cache_invariants" name="test_defensive_copies_prevent_cache_corruption" time="0.036" /><testcase classname="tests.test_cache_invariants" name="test_cache_version_invalidation_methods" time="0.000" /><testcase classname="tests.test_cache_invariants" name="test_twin_namespace_parity_for_cache_components" time="0.000" /><testcase classname="tests.test_calibration" name="test_nll_computation" time="0.000" /><testcase classname="tests.test_calibration" name="test_brier_score_decomposition_identity" time="0.000" /><testcase classname="tests.test_calibration" name="test_ece_and_mce_computation" time="0.000" /><testcase classname="tests.test_calibration" name="test_temperature_scaling_optimization" time="0.001" /><testcase classname="tests.test_calibration" name="test_temperature_scaling_1d_logits" time="0.001" /><testcase classname="tests.test_calibration" name="test_regression_conformal_predictor_coverage" time="0.001" /><testcase classname="tests.test_calibration" name="test_regression_conformal_margin_scales_with_coverage" time="0.000" /><testcase classname="tests.test_cli" name="test_cli_decide_command" time="0.006" /><testcase classname="tests.test_cli" name="test_cli_decide_human_output" time="0.006" /><testcase classname="tests.test_cli" name="test_cli_bench_command" time="0.037" /><testcase classname="tests.test_cli" name="test_cli_calibrate_command" time="0.007" /><testcase classname="tests.test_cli" name="test_cli_verify_receipt_command" time="0.009" /><testcase classname="tests.test_cli" name="test_cli_verify_receipt_positional_and_syntax_alignment" time="0.008" /><testcase classname="tests.test_cli" name="test_cli_verify_receipt_entrypoints_system1_and_reflex" time="0.014" /><testcase classname="tests.test_cli" name="test_cli_main_entrypoint" time="0.006" /><testcase classname="tests.test_cli_compile" name="test_cli_compile_triage_preset_json" time="0.063" /><testcase classname="tests.test_cli_compile" name="test_cli_compile_guard_preset_text" time="0.106" /><testcase classname="tests.test_cli_compile" name="test_cli_compile_dotted_import_path" time="0.061" /><testcase classname="tests.test_cli_compile" name="test_cli_compile_invalid_schema" time="0.001" /><testcase classname="tests.test_compiler" name="test_compiler_synthetic_exemplar_generation" time="0.000" /><testcase classname="tests.test_compiler" name="test_compiler_closed_form_solve_and_accuracy" time="0.065" /><testcase classname="tests.test_compiler" name="test_compiler_binary_serialization_roundtrip" time="0.061" /><testcase classname="tests.test_compiler" name="test_compiled_model_speed" time="0.089" /><testcase classname="tests.test_compiler" name="test_compiler_boolean_and_score_fields_calibration_and_bounds" time="0.062" /><testcase classname="tests.test_compiler" name="test_compiler_multichoice_tag_separation" time="0.020" /><testcase classname="tests.test_compiler" name="test_compiler_class_imbalance_and_starvation_mitigation" time="0.352" /><testcase classname="tests.test_conformal" name="test_conformal_predictor_uncalibrated_fallback" time="0.000" /><testcase classname="tests.test_conformal" name="test_conformal_finite_sample_coverage_guarantee" time="0.004" /><testcase classname="tests.test_conformal" name="test_conformal_ambiguity_detection" time="0.001" /><testcase classname="tests.test_conformal_invariants" name="test_invariant_6_identical_probability_vectors_yield_non_empty_set" time="0.000" /><testcase classname="tests.test_conformal_invariants" name="test_invariant_6_ood_degenerate_mass_yields_empty_set_and_escalation" time="0.000" /><testcase classname="tests.test_conformal_invariants" name="test_invariant_7_order_statistic_exceeding_n_returns_full_domain" time="0.000" /><testcase classname="tests.test_conformal_invariants" name="test_invariant_7_valid_order_statistic_within_n_returns_calibrated_margin" time="0.000" /><testcase classname="tests.test_conformal_invariants" name="test_score_and_serialization_harmonization_roundtrip" time="0.050" /><testcase classname="tests.test_conformal_invariants" name="test_prediction_set_cardinality_escalation_in_strict_mode" time="0.000" /><testcase classname="tests.test_conformal_invariants" name="test_engine_strict_mode_cardinality_escalation
[...]
dding_does_not_poison_implicit_embedding" time="0.000" /><testcase classname="tests.test_receipt" name="test_unsigned_decision_receipt" time="0.000" /><testcase classname="tests.test_receipt" name="test_signed_decision_receipt_and_verification" time="0.002" /><testcase classname="tests.test_round2_gates_a_b" name="test_gate_a_rule_composition_deny_overrides_allow_regardless_of_order" time="0.000" /><testcase classname="tests.test_round2_gates_a_b" name="test_gate_a_rule_composition_approval_overrides_allow" time="0.000" /><testcase classname="tests.test_round2_gates_a_b" name="test_gate_a_decouple_applicability_and_evaluate_constraints" time="0.000" /><testcase classname="tests.test_round2_gates_a_b" name="test_gate_a_fail_closed_constrained_arguments" time="0.000" /><testcase classname="tests.test_round2_gates_a_b" name="test_gate_a_deterministic_allow_issues_signed_receipt_and_ledger_entry" time="0.022" /><testcase classname="tests.test_round2_gates_a_b" name="test_gate_a_deterministic_allow_fails_closed_if_ledger_write_fails" time="0.021" /><testcase classname="tests.test_round2_gates_a_b" name="test_gate_a_mcp_proxy_canonical_immutable_dispatch" time="0.018" /><testcase classname="tests.test_round2_gates_a_b" name="test_gate_a_wrap_mcp_tool_immutable_dispatch_and_sentinel" time="0.019" /><testcase classname="tests.test_round2_gates_a_b" name="test_gate_a_langchain_interceptor_immutable_dispatch_and_sentinel" time="0.019" /><testcase classname="tests.test_round2_gates_a_b" name="test_gate_b_enforcement_profile_validation" time="0.002" /><testcase classname="tests.test_round2_gates_a_b" name="test_gate_b_action_ledger_durability_flag" time="0.000" /><testcase classname="tests.test_round2_gates_a_b" name="test_gate_b_action_ledger_verify_integrity_with_trusted_public_key" time="0.004" /><testcase classname="tests.test_round2_gates_a_b" name="test_gate_b_authorization_receipt_binding_and_tamper_detection" time="0.002" /><testcase classname="tests.test_round2_gates_a_b" name="test_gate_b_mcp_handle_call_outcome_chaining_and_indeterminate" time="0.025" /><testcase classname="tests.test_round2_gates_a_b" name="test_gate_b_wrap_mcp_tool_outcome_chaining_and_indeterminate" time="0.027" /><testcase classname="tests.test_round2_gates_a_b" name="test_gate_b_langchain_interceptor_sync_and_async_outcome_chaining" time="0.028" /><testcase classname="tests.test_round2_gates_a_b" name="test_gate_b_langchain_callback_handler_outcome_chaining" time="0.024" /><testcase classname="tests.test_round2_gates_c_d.TestPreLookupInputValidation" name="test_cache_validate_prompt" time="0.000" /><testcase classname="tests.test_round2_gates_c_d.TestPreLookupInputValidation" name="test_cache_validate_alpha" time="0.000" /><testcase classname="tests.test_round2_gates_c_d.TestPreLookupInputValidation" name="test_cache_validate_margin_threshold" time="0.000" /><testcase classname="tests.test_round2_gates_c_d.TestPreLookupInputValidation" name="test_cache_validate_odds_ratio" time="0.000" /><testcase classname="tests.test_round2_gates_c_d.TestPreLookupInputValidation" name="test_cache_validate_confidence_floor" time="0.000" /><testcase classname="tests.test_round2_gates_c_d.TestPreLookupInputValidation" name="test_cache_validate_telemetry" time="0.000" /><testcase classname="tests.test_round2_gates_c_d.TestPreLookupInputValidation" name="test_cache_validate_embedding" time="0.000" /><testcase classname="tests.test_round2_gates_c_d.TestPreLookupInputValidation" name="test_engine_decide_pre_lookup_validation" time="0.001" /><testcase classname="tests.test_round2_gates_c_d.TestCacheAmbiguityPreservation" name="test_cache_hit_preserves_ambiguous_evaluation" time="0.002" /><testcase classname="tests.test_round2_gates_c_d.TestCacheAmbiguityPreservation" name="test_cache_hit_preserves_unambiguous_evaluation" time="0.002" /><testcase classname="tests.test_round2_gates_c_d.TestCacheKeyBindingAndStrictMode" name="test_full_64_hex_telemetry_digest" time="0.000" /><testcase classname="tests.test_round2_gates_c_d.TestCacheKeyBindingAndStrictMode" name="test_cache_key_binds_all_policy_parameters" time="0.000" /><testcase classname="tests.test_round2_gates_c_d.TestCacheKeyBindingAndStrictMode" name="test_strict_mode_suppresses_approximate_semantic_search" time="0.000" /><testcase classname="tests.test_round2_gates_c_d.TestAtomicVersioningAndConcurrency" name="test_atomic_learn_from_tier2_version_and_invalidation" time="0.002" /><testcase classname="tests.test_round2_gates_c_d.TestAtomicVersioningAndConcurrency" name="test_concurrent_decide_and_learn_under_rlock" time="0.030" /><testcase classname="tests.test_round2_gates_c_d.TestDecoupledCalibrationFolds" name="test_engine_calibrate_splits_folds_deterministically" time="0.007" /><testcase classname="tests.test_round2_gates_c_d.TestDecoupledCalibrationFolds" name="test_compiler_calibration_split_disjoint" time="0.000" /><testcase classname="tests.test_round2_gates_c_d.TestUncalibratedModelAbstention" name="test_conformal_predictor_uncalibrated_strict_abstention" time="0.000" /><testcase classname="tests.test_round2_gates_c_d.TestUncalibratedModelAbstention" name="test_regression_conformal_predictor_uncalibrated_full_domain" time="0.000" /><testcase classname="tests.test_round2_gates_c_d.TestMultilabelAndRegressionUncertaintyGating" name="test_multichoice_field_uncertainty_escalation" time="0.002" /><testcase classname="tests.test_round2_gates_c_d.TestMultilabelAndRegressionUncertaintyGating" name="test_score_field_uncertainty_escalation" time="0.001" /><testcase classname="tests.test_round2_gates_c_d.TestArtifactPromotionIntegrity" name="test_promotion_deploys_candidate_without_full_history_recompile" time="1.194" /><testcase classname="tests.test_round2_gates_c_d.TestSmallSampleEliminationAndZeroChecks" name="test_reject_zero_scored_checks" time="0.001" /><testcase classname="tests.test_round2_gates_c_d.TestSmallSampleEliminationAndZeroChecks" name="test_no_relaxation_for_small_samples" time="0.002" /><testcase classname="tests.test_round2_gates_c_d.TestSmallSampleEliminationAndZeroChecks" name="test_client_defers_cutover_under_default_policy_for_small_sample" time="0.951" /><testcase classname="tests.test_round2_gates_c_d.TestSmallSampleEliminationAndZeroChecks" name="test_client_defers_cutover_on_two_samples_due_to_empty_val_history" time="0.486" /><testcase classname="tests.test_round2_gates_c_d.TestMandatoryStatisticalAcceptance" name="test_default_require_statistical_bound_is_true" time="0.001" /><testcase classname="tests.test_round2_gates_c_d.TestMandatoryStatisticalAcceptance" name="test_wilson_lower_bound_calculation" time="0.000" /><testcase classname="tests.test_round2_gates_c_d.TestMandatoryStatisticalAcceptance" name="test_rejection_on_critical_false_allow" time="0.003" /><testcase classname="tests.test_round2_gates_c_d.TestDisjointLineageAndManifestBinding" name="test_cutover_partition_assert_disjoint_raises_on_overlap" time="0.000" /><testcase classname="tests.test_round2_gates_c_d.TestDisjointLineageAndManifestBinding" name="test_cutover_partition_assert_disjoint_passes_on_clean_splits" time="0.000" /><testcase classname="tests.test_round2_gates_c_d.TestTwinNamespaceParity" name="test_cache_namespace_parity" time="0.000" /><testcase classname="tests.test_round2_gates_c_d.TestTwinNamespaceParity" name="test_engine_namespace_parity" time="0.000" /><testcase classname="tests.test_round2_gates_c_d.TestTwinNamespaceParity" name="test_calibration_namespace_parity" time="0.000" /><testcase classname="tests.test_round2_gates_c_d.TestTwinNamespaceParity" name="test_typesafe_namespace_parity" time="0.000" /><testcase classname="tests.test_round2_gates_e_f.TestZeroEgressGatekeeper" name="test_zero_egress_violation_error_raised_before_socket_connect" time="0.000" /><testcase classname="tests.test_round2_gates_e_f.TestZeroEgressGatekeeper" name="test_incompatible_configuration_validation" time="0.000" /><testcase classname="tests.test_round2_gates_e_f.TestZeroEgressGatekeeper" name="test_sync_and_async_compare_raises_zero_egress_violation" time="0.000" /><testcase classname="tests.test_round2_gates_e_f.TestZeroEgressGatekeeper" name="test_async_compare_raises_zero_egress_violation" time="0.001" /><testcase classname="tests.test_round2_gates_e_f.TestZeroEgressGatekeeper" name="test_elimination_of_silent_synthetic_teacher_fallback" time="0.001" /><testcase classname="tests.test_round2_gates_e_f.TestZeroEgressGatekeeper" name="test_egress_audit_logging" time="0.218" /><testcase classname="tests.test_round2_gates_e_f.TestPackagingAndProtobufAlignment" name="test_twin_namespace_parity" time="0.001" /><testcase classname="tests.test_round2_gates_e_f.TestPackagingAndProtobufAlignment" name="test_pyproject_dependency_bounds" time="0.001" /><testcase classname="tests.test_round2_gates_e_f.TestPackagingAndProtobufAlignment" name="test_grpc_server_serve_default_loopback_and_cli_host" time="0.002" /><testcase classname="tests.test_round2_gates_e_f.TestPackagingAndProtobufAlignment" name="test_grpc_guard_proposal_evaluation_with_policy_and_ledger" time="0.021" /><testcase classname="tests.test_round4_variants" name="test_exported_candidate_preserves_validated_runtime_calibration" time="0.004" /><testcase classname="tests.test_round4_variants" name="test_statistical_promotion_rejection" time="0.003" /><testcase classname="tests.test_round4_variants" name="test_ledger_verifies_incoming_receipt_against_anchor" time="0.003" /><testcase classname="tests.test_round4_variants" name="test_record_execution_outcome_enforces_cryptographic_authorization" time="0.003" /><testcase classname="tests.test_schema" name="test_choice_field_validation" time="0.000" /><testcase classname="tests.test_schema" name="test_choice_field_invalid_initialization" time="0.000" /><testcase classname="tests.test_schema" name="test_boolean_field_validation" time="0.001" /><testcase classname="tests.test_schema" name="test_multi_choice_field_validation" time="0.000" /><testcase classname="tests.test_schema" name="test_score_field_validation" time="0.000" /><testcase classname="tests.test_schema" name="test_declarative_schema_subclass" time="0.001" /><testcase classname="tests.test_schema" name="test_schema_serialization_and_digest_stability" time="0.000" /><testcase classname="tests.test_system1_exports" name="test_system1_namespace_exports" time="0.000" /><testcase classname="tests.test_system1_exports" name="test_system1_submodules" time="0.001" /><testcase classname="tests.test_system1_exports" name="test_system1_decide_api" time="0.003" /><testcase classname="tests.test_system1_exports" name="test_engine_benchmark_percentiles_np" time="0.039" /><testcase classname="tests.test_system1_exports" name="test_engine_benchmark_invalid_iterations" time="0.001" /><testcase classname="tests.test_system1_exports" name="test_cli_persistent_identity_reuse" time="0.013" /><testcase classname="tests.test_system1_exports" name="test_system1_cli_main_entrypoint" time="0.006" /><testcase classname="tests.test_system1_exports" name="test_reflex_package_parity" time="0.001" /><testcase classname="tests.test_system1_exports" name="test_reflex_all_16_submodules_import_and_parity" time="0.001" /><testcase classname="tests.test_system1_exports" name="test_reflex_dynamic_submodule_getattr" time="0.000" /><testcase classname="tests.test_system1_exports" name="test_guard_interception_result_allowed_property" time="0.021" /><testcase classname="tests.test_system1_exports" name="test_reflex_core_submodules_parity" time="0.001" /><testcase classname="tests.test_system1_exports" name="test_reflex_cli_main_entrypoint" time="0.005" /><testcase classname="tests.test_system1_exports" name="test_system1_dynamic_submodule_getattr" time="0.000" /><testcase classname="tests.test_system1_exports" name="test_system1_isolated_subprocess_attribute_resolution" time="0.181" /><testcase classname="tests.test_system1_exports" name="test_twin_namespaces_isolated_subprocess_parity" time="0.367" /><testcase classname="tests.test_system1_exports" name="test_system1_and_reflex_negative_attribute_resolution" time="0.001" /><testcase classname="tests.test_system1_exports" name="test_submodule_inventory_and_module_map_completeness" time="0.001" /><testcase classname="tests.test_system1_exports" name="test_spec_harmonization_aliases" time="0.000" /><testcase classname="tests.test_train_expert" name="test_pathway_a_synthetic_distillation_and_s1m_binary" time="0.082" /><testcase classname="tests.test_train_expert" name="test_pathway_b_offline_supervised_compilation" time="0.057" /><testcase classname="tests.test_train_expert" name="test_pathway_c_engine_evaluation_and_latency" time="0.104" /><testcase classname="tests.test_train_expert" name="test_pathway_d_online_sherman_morrison_adaptation" time="0.063" /><testcase classname="tests.test_train_expert" name="test_pathway_e_mixture_of_experts_composition" time="0.118" /><testcase classname="tests.test_train_expert" name="test_expert_hyperparameter_bounds_and_drift_handling" time="0.126" /><testcase classname="tests.test_train_expert" name="test_adversarial_label_flip_online_adaptation" time="0.072" /><testcase classname="tests.test_train_expert" name="test_metal_mlx_backend_support" time="0.069" /><testcase classname="tests.test_triple_crown_benchmark.TestOpenHandsSecurityGuardrail" name="test_zero_shot_initialization" time="0.010" /><testcase classname="tests.test_triple_crown_benchmark.TestOpenHandsSecurityGuardrail" name="test_latency_sla_sub_two_ms" time="0.015" /><testcase classname="tests.test_triple_crown_benchmark.TestOpenHandsSecurityGuardrail" name="test_risk_classification_quality" time="0.034" /><testcase classname="tests.test_triple_crown_benchmark.TestOpenHandsSecurityGuardrail" name="test_cryptographic_receipt_validity" time="0.011" /><testcase classname="tests.test_triple_crown_benchmark.TestInstructorStructuredClassifier" name="test_zero_shot_initialization" time="0.014" /><testcase classname="tests.test_triple_crown_benchmark.TestInstructorStructuredClassifier" name="test_latency_sla_sub_two_ms" time="0.025" /><testcase classname="tests.test_triple_crown_benchmark.TestInstructorStructuredClassifier" name="test_triage_classification_quality" time="0.056" /><testcase classname="tests.test_triple_crown_benchmark.TestInstructorStructuredClassifier" name="test_cryptographic_receipt_validity" time="0.027" /><testcase classname="tests.test_triple_crown_benchmark.TestSemanticRouterIntentLayer" name="test_zero_shot_initialization" time="0.016" /><testcase classname="tests.test_triple_crown_benchmark.TestSemanticRouterIntentLayer" name="test_latency_sla_sub_two_ms" time="0.020" /><testcase classname="tests.test_triple_crown_benchmark.TestSemanticRouterIntentLayer" name="test_routing_accuracy_quality" time="0.048" /><testcase classname="tests.test_triple_crown_benchmark.TestSemanticRouterIntentLayer" name="test_cryptographic_receipt_validity" time="0.014" /><testcase classname="tests.test_triple_crown_benchmark.TestTripleCrownBenchmarkHarness" name="test_run_all_benchmarks_subset" time="0.059" /><testcase classname="tests.test_typesafe_compat" name="test_typesafe_module_exports" time="0.000" /><testcase classname="tests.test_typesafe_compat" name="test_question_types_construction" time="0.000" /><testcase classname="tests.test_typesafe_compat" name="test_typesafe_client_sync_evaluation" time="0.006" /><testcase classname="tests.test_typesafe_compat" name="test_typesafe_client_raw_dict_questions" time="0.003" /><testcase classname="tests.test_typesafe_compat" name="test_typesafe_client_batch_systemone" time="0.002" /><testcase classname="tests.test_typesafe_compat" name="test_async_typesafe_client" time="0.005" /><testcase classname="tests.test_typesafe_compat" name="test_patch_typesafe_injection" time="0.001" /><testcase classname="tests.test_typesafe_compat" name="test_patch_typesafe_submodule_and_response_exports" time="0.000" /><testcase classname="tests.test_typesafe_compat" name="test_patch_typesafe_decorator_usage" time="0.000" /><testcase classname="tests.test_typesafe_compat" name="test_typesafe_boolean_and_multichoice_questions" time="0.003" /><testcase classname="tests.test_typesafe_compat" name="test_patch_typesafe_concurrent_safety" time="0.002" /><testcase classname="tests.test_typesafe_compat" name="test_patch_typesafe_sdk_drop_in_workflow" time="0.008" /><testcase classname="tests.test_typesafe_compat" name="test_typesafe_sdk_compat_submodule_and_decorator" time="0.000" /><testcase classname="tests.test_typesafe_compat" name="test_async_typesafe_client_system_one_alias" time="0.008" /><testcase classname="tests.test_typesafe_compat" name="test_patch_typesafe_preserves_preexisting_modules" time="0.000" /><testcase classname="tests.test_typesafe_compat" name="test_typesafe_compat_edge_cases_and_error_handling" time="0.002" /><testcase classname="tests.test_typesafe_compat" name="test_importlib_reload_patched_modules" time="0.000" /><testcase classname="tests.test_typesafe_compat" name="test_patch_typesafe_decorator_multiple_invocations" time="0.005" /><testcase classname="tests.test_typesafe_compat" name="test_patch_typesafe_decorator_without_parentheses" time="0.000" /><testcase classname="tests.test_typesafe_compat" name="test_patch_typesafe_async_decorator_multiple_invocations" time="0.005" /><testcase classname="tests.test_typesafe_compat" name="test_typesafe_client_with_decision_fields" time="0.003" /><testcase classname="tests.test_typesafe_compat" name="test_typesafe_client_case_insensitive_dict_types" time="0.003" /><testcase classname="tests.test_typesafe_compat" name="test_choice_string_criteria_type_error" time="0.000" /><testcase classname="tests.test_typesafe_compat" name="test_batch_system_one_module_apis" time="0.004" /><testcase classname="tests.test_typesafe_compat" name="test_typesafe_client_submodule_import" time="0.000" /><testcase classname="tests.test_typesafe_compat" name="test_create_typesafe_baseline_response" time="0.003" /><testcase classname="tests.test_typesafe_compat" name="test_call_real_typesafe_api_baseline_fallback" time="0.222" /><testcase classname="tests.test_typesafe_compat" name="test_typesafe_client_compare" time="0.247" /><testcase classname="tests.test_typesafe_compat" name="test_async_typesafe_client_compare" time="0.227" /><testcase classname="tests.test_typesafe_compat" name="test_top_level_compare_convenience" time="0.255" /><testcase classname="tests.test_typesafe_compat" name="test_usage_edge_cases_and_token_computation" time="0.000" /><testcase classname="tests.test_typesafe_compat" name="test_choice_and_score_criteria_dict_and_list_serialization" time="0.000" /><testcase classname="tests.test_typesafe_compat" name="test_typesafe_response_enrichment_for_live_cloud_format" time="0.000" /><testcase classname="tests.test_typesafe_compat" name="test_compare_flags_and_fallback_baseline_toggle" time="0.431" /><testcase classname="tests.test_typesafe_compat" name="test_paperclips_dropin_compatibility" time="0.012" /><testcase classname="tests.test_typesafe_compat" name="test_paperclips_compare_and_cutover_compatibility" time="0.988" /><testcase classname="tests.test_whitening_and_exemplars" name="test_contrastive_whitening_angular_separation" time="0.004" /><testcase classname="tests.test_whitening_and_exemplars" name="test_contrastive_whitening_mean_cancellation" time="0.003" /><testcase classname="tests.test_whitening_and_exemplars" name="test_multi_exemplar_prototypical_centroids" time="0.002" /><testcase classname="tests.test_whitening_and_exemplars" name="test_multi_choice_contrastive_whitening_and_exemplars" time="0.001" /><testcase classname="tests.test_whitening_and_exemplars" name="test_decision_field_head_set_weights" time="0.000" /><testcase classname="tests.test_whitening_and_exemplars" name="test_system_one_model_with_multi_exemplars_end_to_end" time="0.003" /></testsuite></testsuites>